Using pre-set license
Built from '2020.3/staging' branch; Version is '2020.3.0f1 (c7b5465681fb) revision 13088070'; Using compiler version '192528614'; Build Type 'Release'
OS: 'Windows 10 Education; OS build 18363.1440; Version 1909; 64bit' Language: 'en' Physical Memory: 16290 MB
BatchMode: 1, IsHumanControllingUs: 0, StartBugReporterOnCrash: 0, Is64bit: 1, IsPro: 0

 COMMAND LINE ARGUMENTS:
C:\Program Files\Unity\Hub\Editor\2020.3.0f1\Editor\Unity.exe
-adb2
-batchMode
-noUpm
-name
AssetImportWorker1
-projectPath
C:/Users/velden.bergonia/Documents/VB-VRITM
-logFile
Logs/AssetImportWorker1.log
-srvPort
56739
Successfully changed project path to: C:/Users/velden.bergonia/Documents/VB-VRITM
C:/Users/velden.bergonia/Documents/VB-VRITM
Using Asset Import Pipeline V2.
Refreshing native plugins compatible for Editor in 100.93 ms, found 13 plugins.
Preloading 1 native plugins for Editor in 1.63 ms.
Initialize engine version: 2020.3.0f1 (c7b5465681fb)
[Subsystems] Discovering subsystems at path C:/Program Files/Unity/Hub/Editor/2020.3.0f1/Editor/Data/Resources/UnitySubsystems
[Subsystems] Discovering subsystems at path C:/Users/velden.bergonia/Documents/VB-VRITM/Assets
GfxDevice: creating device client; threaded=0
Direct3D:
    Version:  Direct3D 11.0 [level 11.1]
    Renderer: NVIDIA GeForce GT 1030 (ID=0x1d01)
    Vendor:   
    VRAM:     1977 MB
    Driver:   22.21.13.8476
Initialize mono
Mono path[0] = 'C:/Program Files/Unity/Hub/Editor/2020.3.0f1/Editor/Data/Managed'
Mono path[1] = 'C:/Program Files/Unity/Hub/Editor/2020.3.0f1/Editor/Data/MonoBleedingEdge/lib/mono/unityjit'
Mono config path = 'C:/Program Files/Unity/Hub/Editor/2020.3.0f1/Editor/Data/MonoBleedingEdge/etc'
Using monoOptions --debugger-agent=transport=dt_socket,embedding=1,server=y,suspend=n,address=127.0.0.1:56276
Begin MonoManager ReloadAssembly
Registering precompiled unity dll's ...
Register platform support module: C:/Program Files/Unity/Hub/Editor/2020.3.0f1/Editor/Data/PlaybackEngines/WindowsStandaloneSupport/UnityEditor.WindowsStandalone.Extensions.dll
Registered in 0.001747 seconds.
Native extension for WindowsStandalone target not found
Refreshing native plugins compatible for Editor in 94.39 ms, found 13 plugins.
Preloading 1 native plugins for Editor in 0.09 ms.
Invoked RoslynAnalysisRunner static constructor.
RoslynAnalysisRunner will not be running.
RoslynAnalysisRunner has terminated.
Mono: successfully reloaded assembly
- Completed reload, in  1.060 seconds
Platform modules already initialized, skipping
Registering precompiled user dll's ...
Registered in 0.010060 seconds.
Begin MonoManager ReloadAssembly
Native extension for WindowsStandalone target not found
Refreshing native plugins compatible for Editor in 86.40 ms, found 13 plugins.
Preloading 1 native plugins for Editor in 0.11 ms.
Added DLL directory C:\Users\velden.bergonia\Documents\VB-VRITM\Library\PackageCache\com.microsoft.mixedreality.input@4f7621772267-1620256658828\Plugins\Windows\x64 to the user search path.
UnityEngine.StackTraceUtility:ExtractStackTrace ()
UnityEngine.DebugLogHandler:LogFormat (UnityEngine.LogType,UnityEngine.Object,string,object[])
UnityEngine.Logger:Log (UnityEngine.LogType,object)
UnityEngine.Debug:Log (object)
Microsoft.MixedReality.Input.Init:.cctor () (at Library/PackageCache/com.microsoft.mixedreality.input@4f7621772267-1620256658828/Editor/Microsoft.MixedReality.Input.Init.cs:88)
System.Runtime.CompilerServices.RuntimeHelpers:RunClassConstructor (System.RuntimeTypeHandle)
UnityEditor.EditorAssemblies:ProcessInitializeOnLoadAttributes (System.Type[])

(Filename: Library/PackageCache/com.microsoft.mixedreality.input@4f7621772267-1620256658828/Editor/Microsoft.MixedReality.Input.Init.cs Line: 88)

Invoked RoslynAnalysisRunner static constructor.
RoslynAnalysisRunner will not be running.
RoslynAnalysisRunner has terminated.
[XR] Error loading subsystem: Display (1) (header mismatch?)
Mono: successfully reloaded assembly
- Completed reload, in  9.276 seconds
Platform modules already initialized, skipping
========================================================================
Worker process is ready to serve import requests
Launched and connected shader compiler UnityShaderCompiler.exe after 0.08 seconds
Refreshing native plugins compatible for Editor in 1.24 ms, found 13 plugins.
Preloading 1 native plugins for Editor in 0.09 ms.
Unloading 3702 Unused Serialized files (Serialized files now loaded: 0)
System memory in use before: 337.7 MB.
System memory in use after: 337.6 MB.

Unloading 301 unused Assets to reduce memory usage. Loaded Objects now: 4056.
Total: 4.100400 ms (FindLiveObjects: 0.366400 ms CreateObjectMapping: 0.179500 ms MarkObjects: 2.944700 ms  DeleteObjects: 0.609000 ms)

========================================================================
Received Import Request.
  path: Assets/Textures/original/StoneBrick.png
  artifactKey: Guid(21c130acaf36f9443a2448fa3e7a3d99) Importer(815301076,1909f56bfc062723c751e8b465ee728b)
Start importing Assets/Textures/original/StoneBrick.png using Guid(21c130acaf36f9443a2448fa3e7a3d99) Importer(815301076,1909f56bfc062723c751e8b465ee728b)  -> (artifact id: '36fd1f8dd406189865c78b826e56a27d') in 0.065639 seconds
  Import took 0.085285 seconds .

========================================================================
Received Import Request.
  Time since last request: 0.000226 seconds.
  path: Assets/Textures/original/grass.png
  artifactKey: Guid(32cf070aa5a4bcf4e9df17469c6cb270) Importer(815301076,1909f56bfc062723c751e8b465ee728b)
Start importing Assets/Textures/original/grass.png using Guid(32cf070aa5a4bcf4e9df17469c6cb270) Importer(815301076,1909f56bfc062723c751e8b465ee728b)  -> (artifact id: 'f5e69ca9fa90b5baab127459ef9df678') in 0.018156 seconds
  Import took 0.023710 seconds .

========================================================================
Received Import Request.
  Time since last request: 0.000266 seconds.
  path: Assets/Textures/original/rock.png
  artifactKey: Guid(f72f292d74e19a14a8aa9ee17a497a13) Importer(815301076,1909f56bfc062723c751e8b465ee728b)
Start importing Assets/Textures/original/rock.png using Guid(f72f292d74e19a14a8aa9ee17a497a13) Importer(815301076,1909f56bfc062723c751e8b465ee728b)  -> (artifact id: 'd56c97fce3d0702386ea0ffbf8949294') in 0.018305 seconds
  Import took 0.024512 seconds .

========================================================================
Received Import Request.
  Time since last request: 0.459208 seconds.
  path: Assets/Textures/original/StoneBrick.png
  artifactKey: Guid(21c130acaf36f9443a2448fa3e7a3d99) Importer(815301076,1909f56bfc062723c751e8b465ee728b)
Start importing Assets/Textures/original/StoneBrick.png using Guid(21c130acaf36f9443a2448fa3e7a3d99) Importer(815301076,1909f56bfc062723c751e8b465ee728b)  -> (artifact id: '36fd1f8dd406189865c78b826e56a27d') in 0.019886 seconds
  Import took 0.036621 seconds .

========================================================================
Received Import Request.
  Time since last request: 6.291503 seconds.
  path: Assets/Textures/Grass.terrainlayer
  artifactKey: Guid(ef8c6f677186f8e4d8c2b4605306ab86) Importer(815301076,1909f56bfc062723c751e8b465ee728b)
Start importing Assets/Textures/Grass.terrainlayer using Guid(ef8c6f677186f8e4d8c2b4605306ab86) Importer(815301076,1909f56bfc062723c751e8b465ee728b)  -> (artifact id: '6493a3400c46d6dd345f5ec651048937') in 0.037341 seconds
  Import took 0.056602 seconds .

========================================================================
Received Import Request.
  Time since last request: 0.000208 seconds.
  path: Assets/Textures/Rock.terrainlayer
  artifactKey: Guid(908fe6a5920bf2346b243ceba4854deb) Importer(815301076,1909f56bfc062723c751e8b465ee728b)
Start importing Assets/Textures/Rock.terrainlayer using Guid(908fe6a5920bf2346b243ceba4854deb) Importer(815301076,1909f56bfc062723c751e8b465ee728b)  -> (artifact id: 'f7bca681d45e3533e5bbc35fd69de595') in 0.029768 seconds
  Import took 0.035487 seconds .

========================================================================
Received Import Request.
  Time since last request: 0.006396 seconds.
  path: Assets/Textures/Rock.terrainlayer
  artifactKey: Guid(908fe6a5920bf2346b243ceba4854deb) Importer(815301076,1909f56bfc062723c751e8b465ee728b)
Start importing Assets/Textures/Rock.terrainlayer using Guid(908fe6a5920bf2346b243ceba4854deb) Importer(815301076,1909f56bfc062723c751e8b465ee728b)  -> (artifact id: 'f7bca681d45e3533e5bbc35fd69de595') in 0.028711 seconds
  Import took 0.036979 seconds .

========================================================================
Received Import Request.
  Time since last request: 18.965113 seconds.
  path: Assets/Materials/StoneBrick.mat
  artifactKey: Guid(9a72601bb1768314b88190fe443cb73a) Importer(815301076,1909f56bfc062723c751e8b465ee728b)
Start importing Assets/Materials/StoneBrick.mat using Guid(9a72601bb1768314b88190fe443cb73a) Importer(815301076,1909f56bfc062723c751e8b465ee728b)  -> (artifact id: 'f888143fd75b243fadd2d364b28024e4') in 0.076576 seconds
  Import took 0.100556 seconds .

========================================================================
Received Import Request.
  Time since last request: 12.661765 seconds.
  path: Assets/Textures
  artifactKey: Guid(ba5078b9737d782448890d47cba5cd18) Importer(815301076,1909f56bfc062723c751e8b465ee728b)
Start importing Assets/Textures using Guid(ba5078b9737d782448890d47cba5cd18) Importer(815301076,1909f56bfc062723c751e8b465ee728b)  -> (artifact id: '9d9aab467299e3a05051528ed0dca850') in 0.007912 seconds
  Import took 0.015451 seconds .

========================================================================
Received Import Request.
  Time since last request: 1.709492 seconds.
  path: Assets/Textures/original
  artifactKey: Guid(963b775b075efc4449042b89bec42113) Importer(815301076,1909f56bfc062723c751e8b465ee728b)
Start importing Assets/Textures/original using Guid(963b775b075efc4449042b89bec42113) Importer(815301076,1909f56bfc062723c751e8b465ee728b)  -> (artifact id: '1998e6b18cc0c11fcbfa705996039b86') in 0.006870 seconds
  Import took 0.013571 seconds .

========================================================================
Received Import Request.
  Time since last request: 9.022328 seconds.
  path: Assets/Free_SpeedTrees/Broadleaf_Desktop_Atlas.tga
  artifactKey: Guid(31018c739fc121f40904965bce982a7e) Importer(815301076,1909f56bfc062723c751e8b465ee728b)
Start importing Assets/Free_SpeedTrees/Broadleaf_Desktop_Atlas.tga using Guid(31018c739fc121f40904965bce982a7e) Importer(815301076,1909f56bfc062723c751e8b465ee728b)  -> (artifact id: '80c9675103fc03b2fcf28f6422625523') in 0.182074 seconds
  Import took 0.189643 seconds .

========================================================================
Received Import Request.
  Time since last request: 0.000185 seconds.
  path: Assets/Free_SpeedTrees/Broadleaf_Mobile_Atlas.tga
  artifactKey: Guid(aff229c1761713249bcd47b52eae7b9d) Importer(815301076,1909f56bfc062723c751e8b465ee728b)
Start importing Assets/Free_SpeedTrees/Broadleaf_Mobile_Atlas.tga using Guid(aff229c1761713249bcd47b52eae7b9d) Importer(815301076,1909f56bfc062723c751e8b465ee728b)  -> (artifact id: 'e7109950d95b0ef1e26651d4ddcaaa5f') in 0.150796 seconds
  Import took 0.157640 seconds .

========================================================================
Received Import Request.
  Time since last request: 0.000251 seconds.
  path: Assets/Free_SpeedTrees/Broadleaf_Desktop_Atlas_Normal.tga
  artifactKey: Guid(95797b7ad77ef66488f0a638eb46b900) Importer(815301076,1909f56bfc062723c751e8b465ee728b)
Start importing Assets/Free_SpeedTrees/Broadleaf_Desktop_Atlas_Normal.tga using Guid(95797b7ad77ef66488f0a638eb46b900) Importer(815301076,1909f56bfc062723c751e8b465ee728b)  -> (artifact id: '0e94dfe302b50db56e11d308eba8c1ab') in 0.170504 seconds
  Import took 0.191076 seconds .

========================================================================
Received Import Request.
  Time since last request: 0.000268 seconds.
  path: Assets/Free_SpeedTrees/Broadleaf_Mobile_Atlas_Billboards_Normal.tga
  artifactKey: Guid(d08ed16db3ffed749b2a182a220ec7e8) Importer(815301076,1909f56bfc062723c751e8b465ee728b)
Start importing Assets/Free_SpeedTrees/Broadleaf_Mobile_Atlas_Billboards_Normal.tga using Guid(d08ed16db3ffed749b2a182a220ec7e8) Importer(815301076,1909f56bfc062723c751e8b465ee728b)  -> (artifact id: '7123cf2619e938d394efad11c5115d66') in 0.113901 seconds
  Import took 0.121770 seconds .

========================================================================
Received Import Request.
  Time since last request: 0.000247 seconds.
  path: Assets/Free_SpeedTrees/Broadleaf_Desktop_Atlas_Billboards.tga
  artifactKey: Guid(400cf02f268b02e4497feb50a409aaf6) Importer(815301076,1909f56bfc062723c751e8b465ee728b)
Start importing Assets/Free_SpeedTrees/Broadleaf_Desktop_Atlas_Billboards.tga using Guid(400cf02f268b02e4497feb50a409aaf6) Importer(815301076,1909f56bfc062723c751e8b465ee728b)  -> (artifact id: '3a7ddb626bb1c50e90b3e9eccfd3466f') in 0.081878 seconds
  Import took 0.088339 seconds .

========================================================================
Received Import Request.
  Time since last request: 0.000258 seconds.
  path: Assets/Free_SpeedTrees/Broadleaf_Desktop_Atlas_Specular.tga
  artifactKey: Guid(331fab33425f2a443a5533996e30c2f3) Importer(815301076,1909f56bfc062723c751e8b465ee728b)
Start importing Assets/Free_SpeedTrees/Broadleaf_Desktop_Atlas_Specular.tga using Guid(331fab33425f2a443a5533996e30c2f3) Importer(815301076,1909f56bfc062723c751e8b465ee728b)  -> (artifact id: 'a76b5f34d648b8df1be8070f41ff6ea7') in 0.155788 seconds
  Import took 0.163239 seconds .

========================================================================
Received Import Request.
  Time since last request: 0.000226 seconds.
  path: Assets/Free_SpeedTrees/Broadleaf_Desktop_Atlas.tga
  artifactKey: Guid(31018c739fc121f40904965bce982a7e) Importer(815301076,1909f56bfc062723c751e8b465ee728b)
Start importing Assets/Free_SpeedTrees/Broadleaf_Desktop_Atlas.tga using Guid(31018c739fc121f40904965bce982a7e) Importer(815301076,1909f56bfc062723c751e8b465ee728b)  -> (artifact id: '80c9675103fc03b2fcf28f6422625523') in 0.026190 seconds
  Import took 0.033130 seconds .

========================================================================
Received Import Request.
  Time since last request: 0.000201 seconds.
  path: Assets/Free_SpeedTrees/Broadleaf_Desktop_Atlas_Billboards_Normal.tga
  artifactKey: Guid(9eee8eb4a2dc9b544acbad65d658bae6) Importer(815301076,1909f56bfc062723c751e8b465ee728b)
Start importing Assets/Free_SpeedTrees/Broadleaf_Desktop_Atlas_Billboards_Normal.tga using Guid(9eee8eb4a2dc9b544acbad65d658bae6) Importer(815301076,1909f56bfc062723c751e8b465ee728b)  -> (artifact id: 'd2b771502f5c53364ab37f5eccd7a416') in 0.095942 seconds
  Import took 0.103532 seconds .

========================================================================
Received Import Request.
  Time since last request: 0.000182 seconds.
  path: Assets/Free_SpeedTrees/Broadleaf_Mobile_Atlas_Billboards.tga
  artifactKey: Guid(e9d5f83e9143624479658513c3542ddb) Importer(815301076,1909f56bfc062723c751e8b465ee728b)
Start importing Assets/Free_SpeedTrees/Broadleaf_Mobile_Atlas_Billboards.tga using Guid(e9d5f83e9143624479658513c3542ddb) Importer(815301076,1909f56bfc062723c751e8b465ee728b)  -> (artifact id: 'e4bc347d16a21fd7b33320b39087b09a') in 0.079902 seconds
  Import took 0.098967 seconds .

========================================================================
Received Import Request.
  Time since last request: 6.295721 seconds.
  path: Assets/Materials/StoneBrick.mat
  artifactKey: Guid(9a72601bb1768314b88190fe443cb73a) Importer(815301076,1909f56bfc062723c751e8b465ee728b)
Start importing Assets/Materials/StoneBrick.mat using Guid(9a72601bb1768314b88190fe443cb73a) Importer(815301076,1909f56bfc062723c751e8b465ee728b)  -> (artifact id: 'f1302640d665ccf06d173b66b810debc') in 0.016122 seconds
  Import took 0.025539 seconds .

========================================================================
Received Import Request.
  Time since last request: 86.023839 seconds.
  path: Packages/com.unity.probuilder/Content/Resources/Materials/Collider.mat
  artifactKey: Guid(bbb235fff4f48426b863b36058ab66d2) Importer(815301076,1909f56bfc062723c751e8b465ee728b)
Start importing Packages/com.unity.probuilder/Content/Resources/Materials/Collider.mat using Guid(bbb235fff4f48426b863b36058ab66d2) Importer(815301076,1909f56bfc062723c751e8b465ee728b)  -> (artifact id: '61d3f6e450630290fbb9aba13fc148e7') in 0.188764 seconds
  Import took 0.197721 seconds .

========================================================================
Received Import Request.
  Time since last request: 0.000211 seconds.
  path: Packages/com.unity.probuilder/Content/Resources/Materials/VertexPickerHDRP.mat
  artifactKey: Guid(7d5c9fc287a2aa945a98203d41282923) Importer(815301076,1909f56bfc062723c751e8b465ee728b)
Start importing Packages/com.unity.probuilder/Content/Resources/Materials/VertexPickerHDRP.mat using Guid(7d5c9fc287a2aa945a98203d41282923) Importer(815301076,1909f56bfc062723c751e8b465ee728b)  -> (artifact id: 'aea970e79ce51091fc002235d7ff09d9') in 0.026628 seconds
  Import took 0.033726 seconds .

========================================================================
Received Import Request.
  Time since last request: 0.000181 seconds.
  path: Packages/com.unity.probuilder/Content/Resources/Materials/FacePicker.mat
  artifactKey: Guid(5695904020f064fdab5ad265b274a616) Importer(815301076,1909f56bfc062723c751e8b465ee728b)
Start importing Packages/com.unity.probuilder/Content/Resources/Materials/FacePicker.mat using Guid(5695904020f064fdab5ad265b274a616) Importer(815301076,1909f56bfc062723c751e8b465ee728b)  -> (artifact id: '9d74b271a201745f5bfa4b6c44c8c3b5') in 0.043273 seconds
  Import took 0.050175 seconds .

========================================================================
Received Import Request.
  Time since last request: 0.000434 seconds.
  path: Packages/com.unity.probuilder/Content/Resources/Materials/Trigger.mat
  artifactKey: Guid(a1e97cbf2538241b691aae8243b5fb10) Importer(815301076,1909f56bfc062723c751e8b465ee728b)
Start importing Packages/com.unity.probuilder/Content/Resources/Materials/Trigger.mat using Guid(a1e97cbf2538241b691aae8243b5fb10) Importer(815301076,1909f56bfc062723c751e8b465ee728b)  -> (artifact id: '9b33875105efc17a33bfa7fad900bfcb') in 0.056067 seconds
  Import took 0.063938 seconds .

========================================================================
Received Import Request.
  Time since last request: 0.000209 seconds.
  path: Packages/com.unity.probuilder/Content/Resources/Materials/VertexPicker.mat
  artifactKey: Guid(30a8575e1d4cc4e01a88ffbf4f973d80) Importer(815301076,1909f56bfc062723c751e8b465ee728b)
Start importing Packages/com.unity.probuilder/Content/Resources/Materials/VertexPicker.mat using Guid(30a8575e1d4cc4e01a88ffbf4f973d80) Importer(815301076,1909f56bfc062723c751e8b465ee728b)  -> (artifact id: '0c5c728de33b3080cec6b657526a8397') in 0.025430 seconds
  Import took 0.032469 seconds .

========================================================================
Received Import Request.
  Time since last request: 0.000172 seconds.
  path: Packages/com.unity.probuilder/Content/Resources/Materials/EdgePickerHDRP.mat
  artifactKey: Guid(980c24c5a501a9a429356d191ad356a9) Importer(815301076,1909f56bfc062723c751e8b465ee728b)
Start importing Packages/com.unity.probuilder/Content/Resources/Materials/EdgePickerHDRP.mat using Guid(980c24c5a501a9a429356d191ad356a9) Importer(815301076,1909f56bfc062723c751e8b465ee728b)  -> (artifact id: '5ccc633379430dacdbe7a610cec7c707') in 0.025643 seconds
  Import took 0.032391 seconds .

========================================================================
Received Import Request.
  Time since last request: 0.000174 seconds.
  path: Packages/com.unity.probuilder/Content/Resources/Materials/EdgePicker.mat
  artifactKey: Guid(4ff996e3a0a5743a3987ab6231160665) Importer(815301076,1909f56bfc062723c751e8b465ee728b)
Start importing Packages/com.unity.probuilder/Content/Resources/Materials/EdgePicker.mat using Guid(4ff996e3a0a5743a3987ab6231160665) Importer(815301076,1909f56bfc062723c751e8b465ee728b)  -> (artifact id: 'aec4812857eb96e4e69404c0a538e7cb') in 0.021694 seconds
  Import took 0.028824 seconds .

========================================================================
Received Import Request.
  Time since last request: 0.000251 seconds.
  path: Packages/com.unity.probuilder/Content/Resources/Materials/Collider.mat
  artifactKey: Guid(bbb235fff4f48426b863b36058ab66d2) Importer(815301076,1909f56bfc062723c751e8b465ee728b)
Start importing Packages/com.unity.probuilder/Content/Resources/Materials/Collider.mat using Guid(bbb235fff4f48426b863b36058ab66d2) Importer(815301076,1909f56bfc062723c751e8b465ee728b)  -> (artifact id: '61d3f6e450630290fbb9aba13fc148e7') in 0.010592 seconds
  Import took 0.017351 seconds .

========================================================================
Received Import Request.
  Time since last request: 0.000178 seconds.
  path: Packages/com.unity.probuilder/Content/Resources/Materials/NoDraw.mat
  artifactKey: Guid(8cb4d6fee77fd4ee6895f08b240d625f) Importer(815301076,1909f56bfc062723c751e8b465ee728b)
Start importing Packages/com.unity.probuilder/Content/Resources/Materials/NoDraw.mat using Guid(8cb4d6fee77fd4ee6895f08b240d625f) Importer(815301076,1909f56bfc062723c751e8b465ee728b)  -> (artifact id: '4f4bc54fccae3e30fecabb0b1e98927a') in 0.084804 seconds
  Import took 0.091546 seconds .

========================================================================
Received Import Request.
  Time since last request: 0.000184 seconds.
  path: Packages/com.unity.probuilder/Content/Resources/Materials/StandardVertexColorLWRP.mat
  artifactKey: Guid(077a003b1de1e4c35923be7a21b5d948) Importer(815301076,1909f56bfc062723c751e8b465ee728b)
Start importing Packages/com.unity.probuilder/Content/Resources/Materials/StandardVertexColorLWRP.mat using Guid(077a003b1de1e4c35923be7a21b5d948) Importer(815301076,1909f56bfc062723c751e8b465ee728b)  -> (artifact id: '3301bc0ce4522dc8bb82df9955682307') in 0.020985 seconds
  Import took 0.046367 seconds .

========================================================================
Received Import Request.
  Time since last request: 0.000185 seconds.
  path: Packages/com.unity.probuilder/Content/Resources/Materials/InvisibleFace.mat
  artifactKey: Guid(978bbcf5050244f1b95128c04103f628) Importer(815301076,1909f56bfc062723c751e8b465ee728b)
Start importing Packages/com.unity.probuilder/Content/Resources/Materials/InvisibleFace.mat using Guid(978bbcf5050244f1b95128c04103f628) Importer(815301076,1909f56bfc062723c751e8b465ee728b)  -> (artifact id: '86bbb089f4104791e7a06058060afca2') in 0.024278 seconds
  Import took 0.031415 seconds .

========================================================================
Received Import Request.
  Time since last request: 0.000218 seconds.
  path: Packages/com.unity.probuilder/Content/Resources/Materials/FacePickerHDRP.mat
  artifactKey: Guid(a53ef0dd76f2fe74eb5f43267d7c0195) Importer(815301076,1909f56bfc062723c751e8b465ee728b)
Start importing Packages/com.unity.probuilder/Content/Resources/Materials/FacePickerHDRP.mat using Guid(a53ef0dd76f2fe74eb5f43267d7c0195) Importer(815301076,1909f56bfc062723c751e8b465ee728b)  -> (artifact id: 'e857fdad45b4e6fc9c799bd3c34e3886') in 0.023216 seconds
  Import took 0.030959 seconds .

========================================================================
Received Import Request.
  Time since last request: 0.000189 seconds.
  path: Packages/com.unity.probuilder/Content/Resources/Materials/UnlitVertexColor.mat
  artifactKey: Guid(29966c3c0907b49b58c4e59342d020cf) Importer(815301076,1909f56bfc062723c751e8b465ee728b)
Start importing Packages/com.unity.probuilder/Content/Resources/Materials/UnlitVertexColor.mat using Guid(29966c3c0907b49b58c4e59342d020cf) Importer(815301076,1909f56bfc062723c751e8b465ee728b)  -> (artifact id: 'f8e0aa146d00e9631200f355e34f26ff') in 0.024227 seconds
  Import took 0.031494 seconds .

========================================================================
Received Import Request.
  Time since last request: 0.000198 seconds.
  path: Packages/com.unity.probuilder/Content/Resources/Materials/StandardVertexColorHDRP.mat
  artifactKey: Guid(c35693c079f3840f7938a4a323096e84) Importer(815301076,1909f56bfc062723c751e8b465ee728b)
Start importing Packages/com.unity.probuilder/Content/Resources/Materials/StandardVertexColorHDRP.mat using Guid(c35693c079f3840f7938a4a323096e84) Importer(815301076,1909f56bfc062723c751e8b465ee728b)  -> (artifact id: '3be0b115c28cb769b70cebaf07c0da94') in 0.023847 seconds
  Import took 0.036765 seconds .

========================================================================
Received Prepare
Registering precompiled user dll's ...
Registered in 0.011992 seconds.
Begin MonoManager ReloadAssembly
Native extension for WindowsStandalone target not found
Refreshing native plugins compatible for Editor in 1.41 ms, found 13 plugins.
Preloading 1 native plugins for Editor in 0.08 ms.
Warning: Annotation not found!
UnityEngine.StackTraceUtility:ExtractStackTrace ()
UnityEditor.ProBuilder.EditorUtility:SetGizmoIconEnabled (System.Type,bool) (at Library/PackageCache/com.unity.probuilder@4.5.0/Editor/EditorCore/EditorUtility.cs:593)
UnityEditor.ProBuilder.HierarchyListener:.cctor () (at Library/PackageCache/com.unity.probuilder@4.5.0/Editor/EditorCore/HierarchyListener.cs:21)
System.Runtime.CompilerServices.RuntimeHelpers:RunClassConstructor (System.RuntimeTypeHandle)
UnityEditor.EditorAssemblies:ProcessInitializeOnLoadAttributes (System.Type[])

[Library/PackageCache/com.unity.probuilder@4.5.0/Editor/EditorCore/EditorUtility.cs line 593]

Added DLL directory C:\Users\velden.bergonia\Documents\VB-VRITM\Library\PackageCache\com.microsoft.mixedreality.input@4f7621772267-1620256658828\Plugins\Windows\x64 to the user search path.
UnityEngine.StackTraceUtility:ExtractStackTrace ()
UnityEngine.DebugLogHandler:LogFormat (UnityEngine.LogType,UnityEngine.Object,string,object[])
UnityEngine.Logger:Log (UnityEngine.LogType,object)
UnityEngine.Debug:Log (object)
Microsoft.MixedReality.Input.Init:.cctor () (at Library/PackageCache/com.microsoft.mixedreality.input@4f7621772267-1620256658828/Editor/Microsoft.MixedReality.Input.Init.cs:88)
System.Runtime.CompilerServices.RuntimeHelpers:RunClassConstructor (System.RuntimeTypeHandle)
UnityEditor.EditorAssemblies:ProcessInitializeOnLoadAttributes (System.Type[])

(Filename: Library/PackageCache/com.microsoft.mixedreality.input@4f7621772267-1620256658828/Editor/Microsoft.MixedReality.Input.Init.cs Line: 88)

Invoked RoslynAnalysisRunner static constructor.
RoslynAnalysisRunner will not be running.
RoslynAnalysisRunner has terminated.
Error when attempting to update scene info fields. Scene info data may be stale.
UnityEngine.StackTraceUtility:ExtractStackTrace ()
UnityEngine.DebugLogHandler:LogFormat (UnityEngine.LogType,UnityEngine.Object,string,object[])
UnityEngine.Logger:Log (UnityEngine.LogType,object)
UnityEngine.Debug:LogWarning (object)
Microsoft.MixedReality.Toolkit.Editor.SceneInfoUtils:RefreshSceneInfoFieldsInScriptableObjects () (at Library/PackageCache/com.microsoft.mixedreality.toolkit.foundation@04ace8e18acd-1620256659146/Core/Inspectors/PropertyDrawers/SceneInfoUtils.cs:313)
Microsoft.MixedReality.Toolkit.Editor.SceneInfoUtils:InitializeOnLoad () (at Library/PackageCache/com.microsoft.mixedreality.toolkit.foundation@04ace8e18acd-1620256659146/Core/Inspectors/PropertyDrawers/SceneInfoUtils.cs:231)

(Filename: Library/PackageCache/com.microsoft.mixedreality.toolkit.foundation@04ace8e18acd-1620256659146/Core/Inspectors/PropertyDrawers/SceneInfoUtils.cs Line: 313)

Mono: successfully reloaded assembly
- Completed reload, in  2.860 seconds
Platform modules already initialized, skipping
Refreshing native plugins compatible for Editor in 3.01 ms, found 13 plugins.
Preloading 1 native plugins for Editor in 0.10 ms.
Unloading 3600 Unused Serialized files (Serialized files now loaded: 0)
System memory in use before: 330.4 MB.
System memory in use after: 330.5 MB.

Unloading 133 unused Assets to reduce memory usage. Loaded Objects now: 4106.
Total: 5.194700 ms (FindLiveObjects: 0.418300 ms CreateObjectMapping: 0.251700 ms MarkObjects: 3.645900 ms  DeleteObjects: 0.876600 ms)

========================================================================
Received Prepare
Registering precompiled user dll's ...
Registered in 0.009921 seconds.
Begin MonoManager ReloadAssembly
Native extension for WindowsStandalone target not found
Refreshing native plugins compatible for Editor in 1.65 ms, found 13 plugins.
Preloading 1 native plugins for Editor in 0.08 ms.
Warning: Annotation not found!
UnityEngine.StackTraceUtility:ExtractStackTrace ()
UnityEditor.ProBuilder.EditorUtility:SetGizmoIconEnabled (System.Type,bool) (at Library/PackageCache/com.unity.probuilder@4.5.0/Editor/EditorCore/EditorUtility.cs:593)
UnityEditor.ProBuilder.HierarchyListener:.cctor () (at Library/PackageCache/com.unity.probuilder@4.5.0/Editor/EditorCore/HierarchyListener.cs:21)
System.Runtime.CompilerServices.RuntimeHelpers:RunClassConstructor (System.RuntimeTypeHandle)
UnityEditor.EditorAssemblies:ProcessInitializeOnLoadAttributes (System.Type[])

[Library/PackageCache/com.unity.probuilder@4.5.0/Editor/EditorCore/EditorUtility.cs line 593]

Added DLL directory C:\Users\velden.bergonia\Documents\VB-VRITM\Library\PackageCache\com.microsoft.mixedreality.input@4f7621772267-1620256658828\Plugins\Windows\x64 to the user search path.
UnityEngine.StackTraceUtility:ExtractStackTrace ()
UnityEngine.DebugLogHandler:LogFormat (UnityEngine.LogType,UnityEngine.Object,string,object[])
UnityEngine.Logger:Log (UnityEngine.LogType,object)
UnityEngine.Debug:Log (object)
Microsoft.MixedReality.Input.Init:.cctor () (at Library/PackageCache/com.microsoft.mixedreality.input@4f7621772267-1620256658828/Editor/Microsoft.MixedReality.Input.Init.cs:88)
System.Runtime.CompilerServices.RuntimeHelpers:RunClassConstructor (System.RuntimeTypeHandle)
UnityEditor.EditorAssemblies:ProcessInitializeOnLoadAttributes (System.Type[])

(Filename: Library/PackageCache/com.microsoft.mixedreality.input@4f7621772267-1620256658828/Editor/Microsoft.MixedReality.Input.Init.cs Line: 88)

Invoked RoslynAnalysisRunner static constructor.
RoslynAnalysisRunner will not be running.
RoslynAnalysisRunner has terminated.
Error when attempting to update scene info fields. Scene info data may be stale.
UnityEngine.StackTraceUtility:ExtractStackTrace ()
UnityEngine.DebugLogHandler:LogFormat (UnityEngine.LogType,UnityEngine.Object,string,object[])
UnityEngine.Logger:Log (UnityEngine.LogType,object)
UnityEngine.Debug:LogWarning (object)
Microsoft.MixedReality.Toolkit.Editor.SceneInfoUtils:RefreshSceneInfoFieldsInScriptableObjects () (at Library/PackageCache/com.microsoft.mixedreality.toolkit.foundation@04ace8e18acd-1620256659146/Core/Inspectors/PropertyDrawers/SceneInfoUtils.cs:313)
Microsoft.MixedReality.Toolkit.Editor.SceneInfoUtils:InitializeOnLoad () (at Library/PackageCache/com.microsoft.mixedreality.toolkit.foundation@04ace8e18acd-1620256659146/Core/Inspectors/PropertyDrawers/SceneInfoUtils.cs:231)

(Filename: Library/PackageCache/com.microsoft.mixedreality.toolkit.foundation@04ace8e18acd-1620256659146/Core/Inspectors/PropertyDrawers/SceneInfoUtils.cs Line: 313)

Mono: successfully reloaded assembly
- Completed reload, in  2.742 seconds
Platform modules already initialized, skipping
Refreshing native plugins compatible for Editor in 1.37 ms, found 13 plugins.
Preloading 1 native plugins for Editor in 0.08 ms.
Unloading 3600 Unused Serialized files (Serialized files now loaded: 0)
System memory in use before: 330.4 MB.
System memory in use after: 330.5 MB.

Unloading 133 unused Assets to reduce memory usage. Loaded Objects now: 4110.
Total: 4.252900 ms (FindLiveObjects: 0.389000 ms CreateObjectMapping: 0.186000 ms MarkObjects: 3.182300 ms  DeleteObjects: 0.494300 ms)

========================================================================
Received Prepare
Registering precompiled user dll's ...
Registered in 0.009782 seconds.
Begin MonoManager ReloadAssembly
Native extension for WindowsStandalone target not found
Refreshing native plugins compatible for Editor in 1.53 ms, found 13 plugins.
Preloading 1 native plugins for Editor in 0.22 ms.
Warning: Annotation not found!
UnityEngine.StackTraceUtility:ExtractStackTrace ()
UnityEditor.ProBuilder.EditorUtility:SetGizmoIconEnabled (System.Type,bool) (at Library/PackageCache/com.unity.probuilder@4.5.0/Editor/EditorCore/EditorUtility.cs:593)
UnityEditor.ProBuilder.HierarchyListener:.cctor () (at Library/PackageCache/com.unity.probuilder@4.5.0/Editor/EditorCore/HierarchyListener.cs:21)
System.Runtime.CompilerServices.RuntimeHelpers:RunClassConstructor (System.RuntimeTypeHandle)
UnityEditor.EditorAssemblies:ProcessInitializeOnLoadAttributes (System.Type[])

[Library/PackageCache/com.unity.probuilder@4.5.0/Editor/EditorCore/EditorUtility.cs line 593]

Added DLL directory C:\Users\velden.bergonia\Documents\VB-VRITM\Library\PackageCache\com.microsoft.mixedreality.input@4f7621772267-1620256658828\Plugins\Windows\x64 to the user search path.
UnityEngine.StackTraceUtility:ExtractStackTrace ()
UnityEngine.DebugLogHandler:LogFormat (UnityEngine.LogType,UnityEngine.Object,string,object[])
UnityEngine.Logger:Log (UnityEngine.LogType,object)
UnityEngine.Debug:Log (object)
Microsoft.MixedReality.Input.Init:.cctor () (at Library/PackageCache/com.microsoft.mixedreality.input@4f7621772267-1620256658828/Editor/Microsoft.MixedReality.Input.Init.cs:88)
System.Runtime.CompilerServices.RuntimeHelpers:RunClassConstructor (System.RuntimeTypeHandle)
UnityEditor.EditorAssemblies:ProcessInitializeOnLoadAttributes (System.Type[])

(Filename: Library/PackageCache/com.microsoft.mixedreality.input@4f7621772267-1620256658828/Editor/Microsoft.MixedReality.Input.Init.cs Line: 88)

Invoked RoslynAnalysisRunner static constructor.
RoslynAnalysisRunner will not be running.
RoslynAnalysisRunner has terminated.
Error when attempting to update scene info fields. Scene info data may be stale.
UnityEngine.StackTraceUtility:ExtractStackTrace ()
UnityEngine.DebugLogHandler:LogFormat (UnityEngine.LogType,UnityEngine.Object,string,object[])
UnityEngine.Logger:Log (UnityEngine.LogType,object)
UnityEngine.Debug:LogWarning (object)
Microsoft.MixedReality.Toolkit.Editor.SceneInfoUtils:RefreshSceneInfoFieldsInScriptableObjects () (at Library/PackageCache/com.microsoft.mixedreality.toolkit.foundation@04ace8e18acd-1620256659146/Core/Inspectors/PropertyDrawers/SceneInfoUtils.cs:313)
Microsoft.MixedReality.Toolkit.Editor.SceneInfoUtils:InitializeOnLoad () (at Library/PackageCache/com.microsoft.mixedreality.toolkit.foundation@04ace8e18acd-1620256659146/Core/Inspectors/PropertyDrawers/SceneInfoUtils.cs:231)

(Filename: Library/PackageCache/com.microsoft.mixedreality.toolkit.foundation@04ace8e18acd-1620256659146/Core/Inspectors/PropertyDrawers/SceneInfoUtils.cs Line: 313)

Mono: successfully reloaded assembly
- Completed reload, in  2.763 seconds
Platform modules already initialized, skipping
Refreshing native plugins compatible for Editor in 1.38 ms, found 13 plugins.
Preloading 1 native plugins for Editor in 0.09 ms.
Unloading 3600 Unused Serialized files (Serialized files now loaded: 0)
System memory in use before: 330.5 MB.
System memory in use after: 330.6 MB.

Unloading 133 unused Assets to reduce memory usage. Loaded Objects now: 4114.
Total: 5.699000 ms (FindLiveObjects: 0.552000 ms CreateObjectMapping: 0.549200 ms MarkObjects: 4.064500 ms  DeleteObjects: 0.531200 ms)

AssetImportWorkerClient::OnTransportError - code=2 error=End of file
