Using pre-set license
Built from '2020.3/staging' branch; Version is '2020.3.6f1 (338bb68529b2) revision 3378102'; Using compiler version '192528614'; Build Type 'Release'
OS: 'Windows 10 Education; OS build 19042.985; Version 2009; 64bit' Language: 'en' Physical Memory: 7907 MB
BatchMode: 1, IsHumanControllingUs: 0, StartBugReporterOnCrash: 0, Is64bit: 1, IsPro: 0

 COMMAND LINE ARGUMENTS:
C:\Program Files\Unity\Hub\Editor\2020.3.6f1\Editor\Unity.exe
-adb2
-batchMode
-noUpm
-name
AssetImportWorker1
-projectPath
C:/Users/velden.bergonia/Documents/GitHub/VB-VRITM
-logFile
Logs/AssetImportWorker1.log
-srvPort
59078
Successfully changed project path to: C:/Users/velden.bergonia/Documents/GitHub/VB-VRITM
C:/Users/velden.bergonia/Documents/GitHub/VB-VRITM
Using Asset Import Pipeline V2.
Refreshing native plugins compatible for Editor in 131.79 ms, found 18 plugins.
Preloading 2 native plugins for Editor in 3.48 ms.
Initialize engine version: 2020.3.6f1 (338bb68529b2)
[Subsystems] Discovering subsystems at path C:/Program Files/Unity/Hub/Editor/2020.3.6f1/Editor/Data/Resources/UnitySubsystems
[Subsystems] Discovering subsystems at path C:/Users/velden.bergonia/Documents/GitHub/VB-VRITM/Assets
GfxDevice: creating device client; threaded=0
Direct3D:
    Version:  Direct3D 11.0 [level 11.0]
    Renderer: NVIDIA GeForce GT 730 (ID=0x1287)
    Vendor:   
    VRAM:     2007 MB
    Driver:   27.21.14.5707
Initialize mono
Mono path[0] = 'C:/Program Files/Unity/Hub/Editor/2020.3.6f1/Editor/Data/Managed'
Mono path[1] = 'C:/Program Files/Unity/Hub/Editor/2020.3.6f1/Editor/Data/MonoBleedingEdge/lib/mono/unityjit'
Mono config path = 'C:/Program Files/Unity/Hub/Editor/2020.3.6f1/Editor/Data/MonoBleedingEdge/etc'
Using monoOptions --debugger-agent=transport=dt_socket,embedding=1,server=y,suspend=n,address=127.0.0.1:56148
Begin MonoManager ReloadAssembly
Registering precompiled unity dll's ...
Register platform support module: C:/Program Files/Unity/Hub/Editor/2020.3.6f1/Editor/Data/PlaybackEngines/WindowsStandaloneSupport/UnityEditor.WindowsStandalone.Extensions.dll
Registered in 0.001876 seconds.
Native extension for WindowsStandalone target not found
Refreshing native plugins compatible for Editor in 65.67 ms, found 18 plugins.
Preloading 2 native plugins for Editor in 0.14 ms.
Mono: successfully reloaded assembly
- Completed reload, in  2.411 seconds
Platform modules already initialized, skipping
Registering precompiled user dll's ...
Registered in 0.018123 seconds.
Begin MonoManager ReloadAssembly
Native extension for WindowsStandalone target not found
Refreshing native plugins compatible for Editor in 67.98 ms, found 18 plugins.
Preloading 2 native plugins for Editor in 0.19 ms.
Added DLL directory C:\Users\velden.bergonia\Documents\GitHub\VB-VRITM\Library\PackageCache\com.microsoft.mixedreality.input@459fa379a429-1624405066782\Plugins\Windows\x64 to the user search path.
UnityEngine.StackTraceUtility:ExtractStackTrace ()
UnityEngine.DebugLogHandler:LogFormat (UnityEngine.LogType,UnityEngine.Object,string,object[])
UnityEngine.Logger:Log (UnityEngine.LogType,object)
UnityEngine.Debug:Log (object)
Microsoft.MixedReality.Input.Init:.cctor () (at Library/PackageCache/com.microsoft.mixedreality.input@459fa379a429-1623884652331/Editor/Microsoft.MixedReality.Input.Init.cs:88)
System.Runtime.CompilerServices.RuntimeHelpers:RunClassConstructor (System.RuntimeTypeHandle)
UnityEditor.EditorAssemblies:ProcessInitializeOnLoadAttributes (System.Type[])

(Filename: Library/PackageCache/com.microsoft.mixedreality.input@459fa379a429-1623884652331/Editor/Microsoft.MixedReality.Input.Init.cs Line: 88)

[XR] Error loading subsystem: Display (1) (header mismatch?)
[XR] [XR Input Provider]: RegisterLifecycleProvider.
Mono: successfully reloaded assembly
- Completed reload, in  4.177 seconds
Platform modules already initialized, skipping
========================================================================
Worker process is ready to serve import requests
Launched and connected shader compiler UnityShaderCompiler.exe after 0.05 seconds
Refreshing native plugins compatible for Editor in 2.28 ms, found 18 plugins.
Preloading 2 native plugins for Editor in 0.18 ms.
Unloading 4002 Unused Serialized files (Serialized files now loaded: 0)
System memory in use before: 363.9 MB.
System memory in use after: 363.1 MB.

Unloading 862 unused Assets to reduce memory usage. Loaded Objects now: 4298.
Total: 32.274600 ms (FindLiveObjects: 1.475600 ms CreateObjectMapping: 0.264400 ms MarkObjects: 17.213200 ms  DeleteObjects: 13.316800 ms)

========================================================================
Received Import Request.
  path: Assets/Scripts/ChangeWorld.cs
  artifactKey: Guid(3af5dc11342674943a325ecbcf783f85) Importer(815301076,1909f56bfc062723c751e8b465ee728b)
Start importing Assets/Scripts/ChangeWorld.cs using Guid(3af5dc11342674943a325ecbcf783f85) Importer(815301076,1909f56bfc062723c751e8b465ee728b)  -> (artifact id: '2e2fc24684f493342de172edb36ae119') in 0.037003 seconds
  Import took 0.054782 seconds .

========================================================================
Received Import Request.
  Time since last request: 0.000269 seconds.
  path: Assets/Scripts/scoreManager.cs
  artifactKey: Guid(68566dd977bdd8747b9301264a6be786) Importer(815301076,1909f56bfc062723c751e8b465ee728b)
Start importing Assets/Scripts/scoreManager.cs using Guid(68566dd977bdd8747b9301264a6be786) Importer(815301076,1909f56bfc062723c751e8b465ee728b)  -> (artifact id: '7696b9fafb0bd4679ef7cdccc76ebdc5') in 0.006397 seconds
  Import took 0.012200 seconds .

========================================================================
Received Prepare
Registering precompiled user dll's ...
Registered in 0.046002 seconds.
Begin MonoManager ReloadAssembly
Native extension for WindowsStandalone target not found
Refreshing native plugins compatible for Editor in 1.33 ms, found 18 plugins.
Preloading 2 native plugins for Editor in 0.22 ms.
Warning: Annotation not found!
UnityEngine.StackTraceUtility:ExtractStackTrace ()
UnityEditor.ProBuilder.EditorUtility:SetGizmoIconEnabled (System.Type,bool) (at Library/PackageCache/com.unity.probuilder@4.5.0/Editor/EditorCore/EditorUtility.cs:593)
UnityEditor.ProBuilder.HierarchyListener:.cctor () (at Library/PackageCache/com.unity.probuilder@4.5.0/Editor/EditorCore/HierarchyListener.cs:21)
System.Runtime.CompilerServices.RuntimeHelpers:RunClassConstructor (System.RuntimeTypeHandle)
UnityEditor.EditorAssemblies:ProcessInitializeOnLoadAttributes (System.Type[])

[Library/PackageCache/com.unity.probuilder@4.5.0/Editor/EditorCore/EditorUtility.cs line 593]

Added DLL directory C:\Users\velden.bergonia\Documents\GitHub\VB-VRITM\Library\PackageCache\com.microsoft.mixedreality.input@459fa379a429-1624405066782\Plugins\Windows\x64 to the user search path.
UnityEngine.StackTraceUtility:ExtractStackTrace ()
UnityEngine.DebugLogHandler:LogFormat (UnityEngine.LogType,UnityEngine.Object,string,object[])
UnityEngine.Logger:Log (UnityEngine.LogType,object)
UnityEngine.Debug:Log (object)
Microsoft.MixedReality.Input.Init:.cctor () (at Library/PackageCache/com.microsoft.mixedreality.input@459fa379a429-1623884652331/Editor/Microsoft.MixedReality.Input.Init.cs:88)
System.Runtime.CompilerServices.RuntimeHelpers:RunClassConstructor (System.RuntimeTypeHandle)
UnityEditor.EditorAssemblies:ProcessInitializeOnLoadAttributes (System.Type[])

(Filename: Library/PackageCache/com.microsoft.mixedreality.input@459fa379a429-1623884652331/Editor/Microsoft.MixedReality.Input.Init.cs Line: 88)

Error when attempting to update scene info fields. Scene info data may be stale.
UnityEngine.StackTraceUtility:ExtractStackTrace ()
UnityEngine.DebugLogHandler:LogFormat (UnityEngine.LogType,UnityEngine.Object,string,object[])
UnityEngine.Logger:Log (UnityEngine.LogType,object)
UnityEngine.Debug:LogWarning (object)
Microsoft.MixedReality.Toolkit.Editor.SceneInfoUtils:RefreshSceneInfoFieldsInScriptableObjects () (at Library/PackageCache/com.microsoft.mixedreality.toolkit.foundation@1b37a4916cf5-1623884652667/Core/Inspectors/PropertyDrawers/SceneInfoUtils.cs:313)
Microsoft.MixedReality.Toolkit.Editor.SceneInfoUtils:InitializeOnLoad () (at Library/PackageCache/com.microsoft.mixedreality.toolkit.foundation@1b37a4916cf5-1623884652667/Core/Inspectors/PropertyDrawers/SceneInfoUtils.cs:231)

(Filename: Library/PackageCache/com.microsoft.mixedreality.toolkit.foundation@1b37a4916cf5-1623884652667/Core/Inspectors/PropertyDrawers/SceneInfoUtils.cs Line: 313)

Mono: successfully reloaded assembly
- Completed reload, in  3.018 seconds
Platform modules already initialized, skipping
Refreshing native plugins compatible for Editor in 3.16 ms, found 18 plugins.
Preloading 2 native plugins for Editor in 0.26 ms.
Unloading 3778 Unused Serialized files (Serialized files now loaded: 0)
System memory in use before: 348.0 MB.
System memory in use after: 347.7 MB.

Unloading 164 unused Assets to reduce memory usage. Loaded Objects now: 4302.
Total: 10.125800 ms (FindLiveObjects: 1.387500 ms CreateObjectMapping: 0.256900 ms MarkObjects: 7.061900 ms  DeleteObjects: 1.417300 ms)

========================================================================
Received Import Request.
  Time since last request: 15.881927 seconds.
  path: Assets/Scripts/ChangeWorld.cs
  artifactKey: Guid(3af5dc11342674943a325ecbcf783f85) Importer(815301076,1909f56bfc062723c751e8b465ee728b)
Start importing Assets/Scripts/ChangeWorld.cs using Guid(3af5dc11342674943a325ecbcf783f85) Importer(815301076,1909f56bfc062723c751e8b465ee728b)  -> (artifact id: 'ef66ea0bdd0c8bc7aabe2ea0c71d5f12') in 0.007460 seconds
  Import took 0.018275 seconds .

========================================================================
Received Import Request.
  Time since last request: 8.638565 seconds.
  path: Assets/Scenes/Menu.unity
  artifactKey: Guid(e84bd5ef846f0cb4d9dc9629d9c8712f) Importer(815301076,1909f56bfc062723c751e8b465ee728b)
Start importing Assets/Scenes/Menu.unity using Guid(e84bd5ef846f0cb4d9dc9629d9c8712f) Importer(815301076,1909f56bfc062723c751e8b465ee728b)  -> (artifact id: '161302312fa7635f5eeacfc6b02bec13') in 0.013107 seconds
  Import took 0.022391 seconds .

========================================================================
Received Import Request.
  Time since last request: 596.687649 seconds.
  path: Assets/XR/Settings/Windows MR Package Settings.asset
  artifactKey: Guid(67977fd7c0c5b0343ab68e0ccc14645b) Importer(815301076,1909f56bfc062723c751e8b465ee728b)
Start importing Assets/XR/Settings/Windows MR Package Settings.asset using Guid(67977fd7c0c5b0343ab68e0ccc14645b) Importer(815301076,1909f56bfc062723c751e8b465ee728b)  -> (artifact id: 'a5005a0c68beafd6bc06ecf484f118b9') in 0.014084 seconds
  Import took 0.021178 seconds .

========================================================================
Received Import Request.
  Time since last request: 0.000253 seconds.
  path: Assets/Free_SpeedTrees/Broadleaf_Desktop Materials/LOD0/Branches_0.mat
  artifactKey: Guid(0014b68f226575642ab981d77a8e618b) Importer(815301076,1909f56bfc062723c751e8b465ee728b)
Start importing Assets/Free_SpeedTrees/Broadleaf_Desktop Materials/LOD0/Branches_0.mat using Guid(0014b68f226575642ab981d77a8e618b) Importer(815301076,1909f56bfc062723c751e8b465ee728b)  -> (artifact id: '066fc90fd39dfc9a20a2e8f7b10a46a1') in 0.119711 seconds
  Import took 0.126202 seconds .

========================================================================
Received Import Request.
  Time since last request: 0.000336 seconds.
  path: Assets/XR/XRGeneralSettings.asset
  artifactKey: Guid(95afc13a06ac38c4787a7a87632cd4bf) Importer(815301076,1909f56bfc062723c751e8b465ee728b)
Start importing Assets/XR/XRGeneralSettings.asset using Guid(95afc13a06ac38c4787a7a87632cd4bf) Importer(815301076,1909f56bfc062723c751e8b465ee728b)  -> (artifact id: '9eb1570d0e49ae520cbc0043887ab1cd') in 0.008302 seconds
  Import took 0.014335 seconds .

========================================================================
Received Import Request.
  Time since last request: 0.000254 seconds.
  path: Assets/Free_SpeedTrees/Conifer_Desktop Materials/Billboard.mat
  artifactKey: Guid(3116d3e25df9b1e43ad1704e067b1708) Importer(815301076,1909f56bfc062723c751e8b465ee728b)
Start importing Assets/Free_SpeedTrees/Conifer_Desktop Materials/Billboard.mat using Guid(3116d3e25df9b1e43ad1704e067b1708) Importer(815301076,1909f56bfc062723c751e8b465ee728b)  -> (artifact id: '0092007f7ef76dd8325e243a87bc6da7') in 0.045904 seconds
  Import took 0.051261 seconds .

========================================================================
Received Import Request.
  Time since last request: 0.000238 seconds.
  path: Assets/XR/XRGeneralSettings.asset
  artifactKey: Guid(95afc13a06ac38c4787a7a87632cd4bf) Importer(815301076,1909f56bfc062723c751e8b465ee728b)
Start importing Assets/XR/XRGeneralSettings.asset using Guid(95afc13a06ac38c4787a7a87632cd4bf) Importer(815301076,1909f56bfc062723c751e8b465ee728b)  -> (artifact id: '9eb1570d0e49ae520cbc0043887ab1cd') in 0.003161 seconds
  Import took 0.009049 seconds .

========================================================================
Received Import Request.
  Time since last request: 0.000213 seconds.
  path: Assets/Free_SpeedTrees/Broadleaf_Desktop Materials/LOD0/Branches_1.mat
  artifactKey: Guid(a32826515a1a41846bc9fa38bf9e05c1) Importer(815301076,1909f56bfc062723c751e8b465ee728b)
Start importing Assets/Free_SpeedTrees/Broadleaf_Desktop Materials/LOD0/Branches_1.mat using Guid(a32826515a1a41846bc9fa38bf9e05c1) Importer(815301076,1909f56bfc062723c751e8b465ee728b)  -> (artifact id: '1f90d0c08b50a0ce8a451152ceb092ba') in 0.020792 seconds
  Import took 0.026407 seconds .

========================================================================
Received Import Request.
  Time since last request: 0.000301 seconds.
  path: Assets/Free_SpeedTrees/Broadleaf_Desktop Materials/LOD2/Branches_0.mat
  artifactKey: Guid(0afb477fe17bdea4d98fe20876011c05) Importer(815301076,1909f56bfc062723c751e8b465ee728b)
Start importing Assets/Free_SpeedTrees/Broadleaf_Desktop Materials/LOD2/Branches_0.mat using Guid(0afb477fe17bdea4d98fe20876011c05) Importer(815301076,1909f56bfc062723c751e8b465ee728b)  -> (artifact id: 'def2f7418d79ea2c1a7a6d26db0223ff') in 0.015400 seconds
  Import took 0.021001 seconds .

========================================================================
Received Import Request.
  Time since last request: 0.000284 seconds.
  path: Assets/Free_SpeedTrees/Conifer_Desktop Materials/LOD0/Branches_0.mat
  artifactKey: Guid(039d3b3b37b5b31418a3f11e7c375b8c) Importer(815301076,1909f56bfc062723c751e8b465ee728b)
Start importing Assets/Free_SpeedTrees/Conifer_Desktop Materials/LOD0/Branches_0.mat using Guid(039d3b3b37b5b31418a3f11e7c375b8c) Importer(815301076,1909f56bfc062723c751e8b465ee728b)  -> (artifact id: '6121548b05c5df270cd9fd3c4dd36479') in 0.032824 seconds
  Import took 0.038211 seconds .

========================================================================
Received Import Request.
  Time since last request: 0.000218 seconds.
  path: Assets/Free_SpeedTrees/Conifer_Desktop Materials/LOD1/Branches_0.mat
  artifactKey: Guid(84966cbdaf6105d48b08cefe4fb644f4) Importer(815301076,1909f56bfc062723c751e8b465ee728b)
Start importing Assets/Free_SpeedTrees/Conifer_Desktop Materials/LOD1/Branches_0.mat using Guid(84966cbdaf6105d48b08cefe4fb644f4) Importer(815301076,1909f56bfc062723c751e8b465ee728b)  -> (artifact id: 'b9d5478b3bb2946ffd45cf4fbf5b1924') in 0.015577 seconds
  Import took 0.021249 seconds .

========================================================================
Received Import Request.
  Time since last request: 0.000217 seconds.
  path: Assets/Free_SpeedTrees/Conifer_Desktop Materials/LOD2/Branches_0.mat
  artifactKey: Guid(3d5e0c23578be4f40bc49bf503d09694) Importer(815301076,1909f56bfc062723c751e8b465ee728b)
Start importing Assets/Free_SpeedTrees/Conifer_Desktop Materials/LOD2/Branches_0.mat using Guid(3d5e0c23578be4f40bc49bf503d09694) Importer(815301076,1909f56bfc062723c751e8b465ee728b)  -> (artifact id: 'd031d2a8abc028212e13cb3cde8acbe3') in 0.015219 seconds
  Import took 0.021212 seconds .

========================================================================
Received Import Request.
  Time since last request: 0.000248 seconds.
  path: Assets/Free_SpeedTrees/Palm_Desktop Materials/Billboard.mat
  artifactKey: Guid(097124b2828274a41898b899b1a256e9) Importer(815301076,1909f56bfc062723c751e8b465ee728b)
Start importing Assets/Free_SpeedTrees/Palm_Desktop Materials/Billboard.mat using Guid(097124b2828274a41898b899b1a256e9) Importer(815301076,1909f56bfc062723c751e8b465ee728b)  -> (artifact id: 'dfd30e25b064ed6c21f340e172a44531') in 0.029084 seconds
  Import took 0.034863 seconds .

========================================================================
Received Import Request.
  Time since last request: 0.000295 seconds.
  path: Assets/Free_SpeedTrees/Broadleaf_Mobile Materials/LOD0/Branches_0.mat
  artifactKey: Guid(5c6e36ca60e00c44d85ebfa1af88d2e4) Importer(815301076,1909f56bfc062723c751e8b465ee728b)
Start importing Assets/Free_SpeedTrees/Broadleaf_Mobile Materials/LOD0/Branches_0.mat using Guid(5c6e36ca60e00c44d85ebfa1af88d2e4) Importer(815301076,1909f56bfc062723c751e8b465ee728b)  -> (artifact id: 'b09634f7863fd3dbd898d2f5af673cb1') in 0.014299 seconds
  Import took 0.019866 seconds .

========================================================================
Received Import Request.
  Time since last request: 0.000236 seconds.
  path: Assets/Free_SpeedTrees/Broadleaf_Mobile Materials/LOD2/Branches_0.mat
  artifactKey: Guid(212dd59844231e248914be44df824782) Importer(815301076,1909f56bfc062723c751e8b465ee728b)
Start importing Assets/Free_SpeedTrees/Broadleaf_Mobile Materials/LOD2/Branches_0.mat using Guid(212dd59844231e248914be44df824782) Importer(815301076,1909f56bfc062723c751e8b465ee728b)  -> (artifact id: '76a0e129304ca174b4aeafcdd45055b3') in 0.013832 seconds
  Import took 0.019574 seconds .

========================================================================
Received Import Request.
  Time since last request: 0.000204 seconds.
  path: Assets/XR/Settings/Open XR Package Settings.asset
  artifactKey: Guid(692ca8f3360b2b845b2df39b3e20d571) Importer(815301076,1909f56bfc062723c751e8b465ee728b)
Start importing Assets/XR/Settings/Open XR Package Settings.asset using Guid(692ca8f3360b2b845b2df39b3e20d571) Importer(815301076,1909f56bfc062723c751e8b465ee728b)  -> (artifact id: 'cd62f395a7803ad90753f28400a8e807') in 0.009229 seconds
  Import took 0.015158 seconds .

========================================================================
Received Import Request.
  Time since last request: 0.000287 seconds.
  path: Assets/Free_SpeedTrees/Broadleaf_Desktop Materials/LOD1/Branches_0.mat
  artifactKey: Guid(52c0759c3814d3b4eac9c29cf347b177) Importer(815301076,1909f56bfc062723c751e8b465ee728b)
Start importing Assets/Free_SpeedTrees/Broadleaf_Desktop Materials/LOD1/Branches_0.mat using Guid(52c0759c3814d3b4eac9c29cf347b177) Importer(815301076,1909f56bfc062723c751e8b465ee728b)  -> (artifact id: '86acc1bd00448e949292962eaa3fdd33') in 0.013299 seconds
  Import took 0.018922 seconds .

========================================================================
Received Import Request.
  Time since last request: 0.000186 seconds.
  path: Assets/Free_SpeedTrees/Palm_Desktop Materials/LOD0/Branches_0.mat
  artifactKey: Guid(6f68337ef8b3b5743bf7d6726e37e1bc) Importer(815301076,1909f56bfc062723c751e8b465ee728b)
Start importing Assets/Free_SpeedTrees/Palm_Desktop Materials/LOD0/Branches_0.mat using Guid(6f68337ef8b3b5743bf7d6726e37e1bc) Importer(815301076,1909f56bfc062723c751e8b465ee728b)  -> (artifact id: '1002cbcb961331f53e1fa28be852910f') in 0.041308 seconds
  Import took 0.046905 seconds .

========================================================================
Received Import Request.
  Time since last request: 0.000378 seconds.
  path: Assets/Free_SpeedTrees/Broadleaf_Desktop Materials/LOD2/Branches_1.mat
  artifactKey: Guid(31518194f926fd14a951231c0a3aaedb) Importer(815301076,1909f56bfc062723c751e8b465ee728b)
Start importing Assets/Free_SpeedTrees/Broadleaf_Desktop Materials/LOD2/Branches_1.mat using Guid(31518194f926fd14a951231c0a3aaedb) Importer(815301076,1909f56bfc062723c751e8b465ee728b)  -> (artifact id: 'a8c4bb17bfdf71a9147fb12985c425a3') in 0.013465 seconds
  Import took 0.018809 seconds .

========================================================================
Received Import Request.
  Time since last request: 0.000184 seconds.
  path: Assets/Free_SpeedTrees/Palm_Desktop Materials/LOD1/Branches_0.mat
  artifactKey: Guid(daeb28a19abceab4682902049c52589a) Importer(815301076,1909f56bfc062723c751e8b465ee728b)
Start importing Assets/Free_SpeedTrees/Palm_Desktop Materials/LOD1/Branches_0.mat using Guid(daeb28a19abceab4682902049c52589a) Importer(815301076,1909f56bfc062723c751e8b465ee728b)  -> (artifact id: '39bb0ede1c346270ea573a33db67ed95') in 0.014433 seconds
  Import took 0.019978 seconds .

========================================================================
Received Import Request.
  Time since last request: 0.000257 seconds.
  path: Assets/Free_SpeedTrees/Conifer_Desktop Materials/LOD2/Branches_1.mat
  artifactKey: Guid(ab04589c2bc2ec141914621bfa6951d6) Importer(815301076,1909f56bfc062723c751e8b465ee728b)
Start importing Assets/Free_SpeedTrees/Conifer_Desktop Materials/LOD2/Branches_1.mat using Guid(ab04589c2bc2ec141914621bfa6951d6) Importer(815301076,1909f56bfc062723c751e8b465ee728b)  -> (artifact id: 'b77f00878ac317632f5185542e637482') in 0.016815 seconds
  Import took 0.022270 seconds .

========================================================================
Received Import Request.
  Time since last request: 0.000292 seconds.
  path: Assets/Free_SpeedTrees/Conifer_Desktop Materials/LOD0/Branches_1.mat
  artifactKey: Guid(95894f6b30c092d4ab3c0e7e0b1e8f7a) Importer(815301076,1909f56bfc062723c751e8b465ee728b)
Start importing Assets/Free_SpeedTrees/Conifer_Desktop Materials/LOD0/Branches_1.mat using Guid(95894f6b30c092d4ab3c0e7e0b1e8f7a) Importer(815301076,1909f56bfc062723c751e8b465ee728b)  -> (artifact id: 'db5233ddc25519af2ff1af367845d0cb') in 0.013355 seconds
  Import took 0.018649 seconds .

========================================================================
Received Import Request.
  Time since last request: 0.000256 seconds.
  path: Assets/Free_SpeedTrees/Broadleaf_Mobile Materials/Billboard.mat
  artifactKey: Guid(62e0c54788a40ea4290b76d64c7b51dd) Importer(815301076,1909f56bfc062723c751e8b465ee728b)
Start importing Assets/Free_SpeedTrees/Broadleaf_Mobile Materials/Billboard.mat using Guid(62e0c54788a40ea4290b76d64c7b51dd) Importer(815301076,1909f56bfc062723c751e8b465ee728b)  -> (artifact id: 'b8e7491f62dbe24cd6114fff0c5c55f1') in 0.027092 seconds
  Import took 0.032318 seconds .

========================================================================
Received Import Request.
  Time since last request: 0.000187 seconds.
  path: Assets/Free_SpeedTrees/Broadleaf_Desktop Materials/Billboard.mat
  artifactKey: Guid(0f326254627c72d4885c00530115aff8) Importer(815301076,1909f56bfc062723c751e8b465ee728b)
Start importing Assets/Free_SpeedTrees/Broadleaf_Desktop Materials/Billboard.mat using Guid(0f326254627c72d4885c00530115aff8) Importer(815301076,1909f56bfc062723c751e8b465ee728b)  -> (artifact id: '2a43ff5b70270d72a633fe3746c603d5') in 0.027552 seconds
  Import took 0.033191 seconds .

========================================================================
Received Import Request.
  Time since last request: 0.000249 seconds.
  path: Assets/Free_SpeedTrees/Palm_Desktop Materials/LOD2/Branches_0.mat
  artifactKey: Guid(8cc4abbef7832294a904fc966d4e5c7f) Importer(815301076,1909f56bfc062723c751e8b465ee728b)
Start importing Assets/Free_SpeedTrees/Palm_Desktop Materials/LOD2/Branches_0.mat using Guid(8cc4abbef7832294a904fc966d4e5c7f) Importer(815301076,1909f56bfc062723c751e8b465ee728b)  -> (artifact id: '47336d0b7385217e664b6bc323da59d4') in 0.015209 seconds
  Import took 0.020823 seconds .

========================================================================
Received Import Request.
  Time since last request: 0.000208 seconds.
  path: Assets/Free_SpeedTrees/Broadleaf_Mobile Materials/LOD1/Branches_0.mat
  artifactKey: Guid(7699745346ad58f4bae49772c80aa6b5) Importer(815301076,1909f56bfc062723c751e8b465ee728b)
Start importing Assets/Free_SpeedTrees/Broadleaf_Mobile Materials/LOD1/Branches_0.mat using Guid(7699745346ad58f4bae49772c80aa6b5) Importer(815301076,1909f56bfc062723c751e8b465ee728b)  -> (artifact id: '237d2826042598aacaf34289d741eae0') in 0.013503 seconds
  Import took 0.019116 seconds .

========================================================================
Received Import Request.
  Time since last request: 0.000228 seconds.
  path: Assets/XR/Settings/Windows MR Package Settings.asset
  artifactKey: Guid(67977fd7c0c5b0343ab68e0ccc14645b) Importer(815301076,1909f56bfc062723c751e8b465ee728b)
Start importing Assets/XR/Settings/Windows MR Package Settings.asset using Guid(67977fd7c0c5b0343ab68e0ccc14645b) Importer(815301076,1909f56bfc062723c751e8b465ee728b)  -> (artifact id: 'a5005a0c68beafd6bc06ecf484f118b9') in 0.003430 seconds
  Import took 0.009010 seconds .

========================================================================
Received Import Request.
  Time since last request: 1.737489 seconds.
  path: Assets/Free_SpeedTrees/Palm_Desktop Materials/LOD0/Branches_1.mat
  artifactKey: Guid(4f7897c7feb9b71479c009f85023d446) Importer(815301076,1909f56bfc062723c751e8b465ee728b)
Start importing Assets/Free_SpeedTrees/Palm_Desktop Materials/LOD0/Branches_1.mat using Guid(4f7897c7feb9b71479c009f85023d446) Importer(815301076,1909f56bfc062723c751e8b465ee728b)  -> (artifact id: 'ead13d321d38b0306d96462c14596ea8') in 0.025370 seconds
  Import took 0.032295 seconds .

========================================================================
Received Import Request.
  Time since last request: 0.000256 seconds.
  path: Assets/Free_SpeedTrees/Broadleaf_Desktop Materials/LOD1/Branches_1.mat
  artifactKey: Guid(6207e963ec6159b49bcd4ad7d413dd90) Importer(815301076,1909f56bfc062723c751e8b465ee728b)
Start importing Assets/Free_SpeedTrees/Broadleaf_Desktop Materials/LOD1/Branches_1.mat using Guid(6207e963ec6159b49bcd4ad7d413dd90) Importer(815301076,1909f56bfc062723c751e8b465ee728b)  -> (artifact id: '5e627738df7208d75c07c8c411ac2779') in 0.014128 seconds
  Import took 0.019718 seconds .

========================================================================
Received Import Request.
  Time since last request: 0.000408 seconds.
  path: Assets/Free_SpeedTrees/Conifer_Desktop Materials/LOD1/Branches_1.mat
  artifactKey: Guid(f3ed926ef4beb914d947a2d02aafc1f9) Importer(815301076,1909f56bfc062723c751e8b465ee728b)
Start importing Assets/Free_SpeedTrees/Conifer_Desktop Materials/LOD1/Branches_1.mat using Guid(f3ed926ef4beb914d947a2d02aafc1f9) Importer(815301076,1909f56bfc062723c751e8b465ee728b)  -> (artifact id: 'ea62e8e626e9a390c1d514d924be24d7') in 0.013778 seconds
  Import took 0.019647 seconds .

========================================================================
Received Import Request.
  Time since last request: 433.591650 seconds.
  path: Assets/Scenes/Day.unity
  artifactKey: Guid(0a9c489659dad1f4bbd1a592763c3742) Importer(815301076,1909f56bfc062723c751e8b465ee728b)
Start importing Assets/Scenes/Day.unity using Guid(0a9c489659dad1f4bbd1a592763c3742) Importer(815301076,1909f56bfc062723c751e8b465ee728b)  -> (artifact id: '56eea13bb9978a394f7ee8a16248cabd') in 0.009699 seconds
  Import took 0.018613 seconds .

========================================================================
Received Import Request.
  Time since last request: 3.266102 seconds.
  path: Assets/Scenes/Main.unity
  artifactKey: Guid(0a9c489659dad1f4bbd1a592763c3742) Importer(815301076,1909f56bfc062723c751e8b465ee728b)
Start importing Assets/Scenes/Main.unity using Guid(0a9c489659dad1f4bbd1a592763c3742) Importer(815301076,1909f56bfc062723c751e8b465ee728b)  -> (artifact id: '0ebb8e600d811aa3e522b39a6095de8a') in 0.008563 seconds
  Import took 0.014938 seconds .

========================================================================
Received Import Request.
  Time since last request: 26.886313 seconds.
  path: Assets/Materials/Panels.mat
  artifactKey: Guid(3f2053ca36625fa459c7d42c8c4efaac) Importer(815301076,1909f56bfc062723c751e8b465ee728b)
Start importing Assets/Materials/Panels.mat using Guid(3f2053ca36625fa459c7d42c8c4efaac) Importer(815301076,1909f56bfc062723c751e8b465ee728b)  -> (artifact id: 'f299ea48bd0cdc157457f40d7ebe2150') in 0.014994 seconds
  Import took 0.021362 seconds .

========================================================================
Received Import Request.
  Time since last request: 33.160865 seconds.
  path: Assets/Terrain/TerrainData_2f61d7d3-e373-408e-8fda-41c50e6c0367.asset
  artifactKey: Guid(60c19afb62a73014d98716f0b9ca33a7) Importer(815301076,1909f56bfc062723c751e8b465ee728b)
Start importing Assets/Terrain/TerrainData_2f61d7d3-e373-408e-8fda-41c50e6c0367.asset using Guid(60c19afb62a73014d98716f0b9ca33a7) Importer(815301076,1909f56bfc062723c751e8b465ee728b)  -> (artifact id: '286d5f0a23708b72ddb56be689edff5e') in 0.108453 seconds
  Import took 0.115441 seconds .

========================================================================
Received Import Request.
  Time since last request: 196.216429 seconds.
  path: Assets/Free_SpeedTrees/Broadleaf_Desktop Materials/LOD0/FacingLeaves_4.mat
  artifactKey: Guid(617a3854a02992a4fb853c8b0316dff0) Importer(815301076,1909f56bfc062723c751e8b465ee728b)
Start importing Assets/Free_SpeedTrees/Broadleaf_Desktop Materials/LOD0/FacingLeaves_4.mat using Guid(617a3854a02992a4fb853c8b0316dff0) Importer(815301076,1909f56bfc062723c751e8b465ee728b)  -> (artifact id: '058048b5d1f6a763b2589a3ccfeeac28') in 0.060045 seconds
  Import took 0.067753 seconds .

========================================================================
Received Import Request.
  Time since last request: 0.000248 seconds.
  path: Assets/Free_SpeedTrees/Broadleaf_Desktop Materials/LOD1/FacingLeaves_4.mat
  artifactKey: Guid(e2fca9e9f26c9354189cbb240484d2f4) Importer(815301076,1909f56bfc062723c751e8b465ee728b)
Start importing Assets/Free_SpeedTrees/Broadleaf_Desktop Materials/LOD1/FacingLeaves_4.mat using Guid(e2fca9e9f26c9354189cbb240484d2f4) Importer(815301076,1909f56bfc062723c751e8b465ee728b)  -> (artifact id: '3032ede8f31997829fa6bef719171888') in 0.021641 seconds
  Import took 0.027593 seconds .

========================================================================
Received Import Request.
  Time since last request: 0.000192 seconds.
  path: Assets/Free_SpeedTrees/Broadleaf_Desktop Materials/LOD2/FacingLeaves_4.mat
  artifactKey: Guid(345811e3a9d34cf4d9a1ea8623a07b96) Importer(815301076,1909f56bfc062723c751e8b465ee728b)
Start importing Assets/Free_SpeedTrees/Broadleaf_Desktop Materials/LOD2/FacingLeaves_4.mat using Guid(345811e3a9d34cf4d9a1ea8623a07b96) Importer(815301076,1909f56bfc062723c751e8b465ee728b)  -> (artifact id: '98f032832a3478d1c46f6eb1f9ea47f2') in 0.019411 seconds
  Import took 0.025138 seconds .

========================================================================
Received Import Request.
  Time since last request: 263.662548 seconds.
  path: Assets/Scenes/Menu.unity
  artifactKey: Guid(e84bd5ef846f0cb4d9dc9629d9c8712f) Importer(815301076,1909f56bfc062723c751e8b465ee728b)
Start importing Assets/Scenes/Menu.unity using Guid(e84bd5ef846f0cb4d9dc9629d9c8712f) Importer(815301076,1909f56bfc062723c751e8b465ee728b)  -> (artifact id: '1ae5118ce34a6f59cce8850aebb6b62b') in 0.006948 seconds
  Import took 0.012641 seconds .

========================================================================
Received Prepare
Registering precompiled user dll's ...
Registered in 0.562169 seconds.
Begin MonoManager ReloadAssembly
Native extension for WindowsStandalone target not found
Refreshing native plugins compatible for Editor in 1.34 ms, found 18 plugins.
Preloading 2 native plugins for Editor in 0.15 ms.
Warning: Annotation not found!
UnityEngine.StackTraceUtility:ExtractStackTrace ()
UnityEditor.ProBuilder.EditorUtility:SetGizmoIconEnabled (System.Type,bool) (at Library/PackageCache/com.unity.probuilder@4.5.0/Editor/EditorCore/EditorUtility.cs:593)
UnityEditor.ProBuilder.HierarchyListener:.cctor () (at Library/PackageCache/com.unity.probuilder@4.5.0/Editor/EditorCore/HierarchyListener.cs:21)
System.Runtime.CompilerServices.RuntimeHelpers:RunClassConstructor (System.RuntimeTypeHandle)
UnityEditor.EditorAssemblies:ProcessInitializeOnLoadAttributes (System.Type[])

[Library/PackageCache/com.unity.probuilder@4.5.0/Editor/EditorCore/EditorUtility.cs line 593]

Added DLL directory C:\Users\velden.bergonia\Documents\GitHub\VB-VRITM\Library\PackageCache\com.microsoft.mixedreality.input@459fa379a429-1624405066782\Plugins\Windows\x64 to the user search path.
UnityEngine.StackTraceUtility:ExtractStackTrace ()
UnityEngine.DebugLogHandler:LogFormat (UnityEngine.LogType,UnityEngine.Object,string,object[])
UnityEngine.Logger:Log (UnityEngine.LogType,object)
UnityEngine.Debug:Log (object)
Microsoft.MixedReality.Input.Init:.cctor () (at Library/PackageCache/com.microsoft.mixedreality.input@459fa379a429-1623884652331/Editor/Microsoft.MixedReality.Input.Init.cs:88)
System.Runtime.CompilerServices.RuntimeHelpers:RunClassConstructor (System.RuntimeTypeHandle)
UnityEditor.EditorAssemblies:ProcessInitializeOnLoadAttributes (System.Type[])

(Filename: Library/PackageCache/com.microsoft.mixedreality.input@459fa379a429-1623884652331/Editor/Microsoft.MixedReality.Input.Init.cs Line: 88)

Error when attempting to update scene info fields. Scene info data may be stale.
UnityEngine.StackTraceUtility:ExtractStackTrace ()
UnityEngine.DebugLogHandler:LogFormat (UnityEngine.LogType,UnityEngine.Object,string,object[])
UnityEngine.Logger:Log (UnityEngine.LogType,object)
UnityEngine.Debug:LogWarning (object)
Microsoft.MixedReality.Toolkit.Editor.SceneInfoUtils:RefreshSceneInfoFieldsInScriptableObjects () (at Library/PackageCache/com.microsoft.mixedreality.toolkit.foundation@1b37a4916cf5-1623884652667/Core/Inspectors/PropertyDrawers/SceneInfoUtils.cs:313)
Microsoft.MixedReality.Toolkit.Editor.SceneInfoUtils:InitializeOnLoad () (at Library/PackageCache/com.microsoft.mixedreality.toolkit.foundation@1b37a4916cf5-1623884652667/Core/Inspectors/PropertyDrawers/SceneInfoUtils.cs:231)

(Filename: Library/PackageCache/com.microsoft.mixedreality.toolkit.foundation@1b37a4916cf5-1623884652667/Core/Inspectors/PropertyDrawers/SceneInfoUtils.cs Line: 313)

Mono: successfully reloaded assembly
- Completed reload, in  2.874 seconds
Platform modules already initialized, skipping
Refreshing native plugins compatible for Editor in 1.33 ms, found 18 plugins.
Preloading 2 native plugins for Editor in 0.15 ms.
Unloading 3781 Unused Serialized files (Serialized files now loaded: 0)
System memory in use before: 348.5 MB.
System memory in use after: 348.2 MB.

Unloading 191 unused Assets to reduce memory usage. Loaded Objects now: 4345.
Total: 4.251900 ms (FindLiveObjects: 0.474000 ms CreateObjectMapping: 0.208700 ms MarkObjects: 2.723600 ms  DeleteObjects: 0.844600 ms)

========================================================================
Received Import Request.
  Time since last request: 2436.778676 seconds.
  path: Assets/ProBuilder Data/Default Material Palette.asset
  artifactKey: Guid(ac4049a473a0459478581ec012dfe28b) Importer(815301076,1909f56bfc062723c751e8b465ee728b)
Start importing Assets/ProBuilder Data/Default Material Palette.asset using Guid(ac4049a473a0459478581ec012dfe28b) Importer(815301076,1909f56bfc062723c751e8b465ee728b)  -> (artifact id: '09d90974806d0aee706de9072c5a3a14') in 0.108741 seconds
  Import took 0.115745 seconds .

========================================================================
Received Import Request.
  Time since last request: 0.000272 seconds.
  path: Assets/Samples/Terrain Tools/0.1.0-preview/Terrain Assets/TerrainLayers/dirt.terrainlayer
  artifactKey: Guid(c25f012d8eaba684b9a392d71f427372) Importer(815301076,1909f56bfc062723c751e8b465ee728b)
Start importing Assets/Samples/Terrain Tools/0.1.0-preview/Terrain Assets/TerrainLayers/dirt.terrainlayer using Guid(c25f012d8eaba684b9a392d71f427372) Importer(815301076,1909f56bfc062723c751e8b465ee728b)  -> (artifact id: 'b4ebd6ec7e3f918374d8d46e3f17a479') in 0.070441 seconds
  Import took 0.076018 seconds .

========================================================================
Received Import Request.
  Time since last request: 0.000284 seconds.
  path: Assets/Free_SpeedTrees/Materials/diamondMat.mat
  artifactKey: Guid(e173b93d2b7da60428b1b0b56087e7f3) Importer(815301076,1909f56bfc062723c751e8b465ee728b)
Start importing Assets/Free_SpeedTrees/Materials/diamondMat.mat using Guid(e173b93d2b7da60428b1b0b56087e7f3) Importer(815301076,1909f56bfc062723c751e8b465ee728b)  -> (artifact id: '975d24373e50643d35426042dba17a10') in 0.043323 seconds
  Import took 0.048942 seconds .

========================================================================
Received Import Request.
  Time since last request: 0.000373 seconds.
  path: Assets/TextMesh Pro/Resources/Style Sheets/Default Style Sheet.asset
  artifactKey: Guid(f952c082cb03451daed3ee968ac6c63e) Importer(815301076,1909f56bfc062723c751e8b465ee728b)
Start importing Assets/TextMesh Pro/Resources/Style Sheets/Default Style Sheet.asset using Guid(f952c082cb03451daed3ee968ac6c63e) Importer(815301076,1909f56bfc062723c751e8b465ee728b)  -> (artifact id: '4246a2b2867395474c723e3be77c939b') in 0.008474 seconds
  Import took 0.014990 seconds .

AssetImportWorkerClient::OnTransportError - code=2 error=End of file
