Using pre-set license
Built from '2020.3/staging' branch; Version is '2020.3.6f1 (338bb68529b2) revision 3378102'; Using compiler version '192528614'; Build Type 'Release'
OS: 'Windows 10 Education; OS build 19042.867; Version 2009; 64bit' Language: 'en' Physical Memory: 7907 MB
BatchMode: 1, IsHumanControllingUs: 0, StartBugReporterOnCrash: 0, Is64bit: 1, IsPro: 0

 COMMAND LINE ARGUMENTS:
C:\Program Files\Unity\Hub\Editor\2020.3.6f1\Editor\Unity.exe
-adb2
-batchMode
-noUpm
-name
AssetImportWorker0
-projectPath
C:/Users/velden.bergonia/Documents/GitHub/VB-VRITM
-logFile
Logs/AssetImportWorker0.log
-srvPort
52914
Successfully changed project path to: C:/Users/velden.bergonia/Documents/GitHub/VB-VRITM
C:/Users/velden.bergonia/Documents/GitHub/VB-VRITM
Using Asset Import Pipeline V2.
Refreshing native plugins compatible for Editor in 136.60 ms, found 12 plugins.
Preloading 1 native plugins for Editor in 1.94 ms.
Initialize engine version: 2020.3.6f1 (338bb68529b2)
[Subsystems] Discovering subsystems at path C:/Program Files/Unity/Hub/Editor/2020.3.6f1/Editor/Data/Resources/UnitySubsystems
[Subsystems] Discovering subsystems at path C:/Users/velden.bergonia/Documents/GitHub/VB-VRITM/Assets
GfxDevice: creating device client; threaded=0
Direct3D:
    Version:  Direct3D 11.0 [level 11.0]
    Renderer: NVIDIA GeForce GT 730 (ID=0x1287)
    Vendor:   
    VRAM:     2007 MB
    Driver:   27.21.14.5707
Initialize mono
Mono path[0] = 'C:/Program Files/Unity/Hub/Editor/2020.3.6f1/Editor/Data/Managed'
Mono path[1] = 'C:/Program Files/Unity/Hub/Editor/2020.3.6f1/Editor/Data/MonoBleedingEdge/lib/mono/unityjit'
Mono config path = 'C:/Program Files/Unity/Hub/Editor/2020.3.6f1/Editor/Data/MonoBleedingEdge/etc'
Using monoOptions --debugger-agent=transport=dt_socket,embedding=1,server=y,suspend=n,address=127.0.0.1:56168
Begin MonoManager ReloadAssembly
Registering precompiled unity dll's ...
Register platform support module: C:/Program Files/Unity/Hub/Editor/2020.3.6f1/Editor/Data/PlaybackEngines/WindowsStandaloneSupport/UnityEditor.WindowsStandalone.Extensions.dll
Registered in 0.002895 seconds.
Native extension for WindowsStandalone target not found
Refreshing native plugins compatible for Editor in 63.00 ms, found 12 plugins.
Preloading 1 native plugins for Editor in 0.07 ms.
Mono: successfully reloaded assembly
- Completed reload, in  2.224 seconds
Platform modules already initialized, skipping
Registering precompiled user dll's ...
Registered in 0.023806 seconds.
Begin MonoManager ReloadAssembly
Native extension for WindowsStandalone target not found
Refreshing native plugins compatible for Editor in 63.19 ms, found 12 plugins.
Preloading 1 native plugins for Editor in 0.10 ms.
Added DLL directory C:\Users\velden.bergonia\Documents\GitHub\VB-VRITM\Library\PackageCache\com.microsoft.mixedreality.input@459fa379a429-1621465973804\Plugins\Windows\x64 to the user search path.
UnityEngine.StackTraceUtility:ExtractStackTrace ()
UnityEngine.DebugLogHandler:LogFormat (UnityEngine.LogType,UnityEngine.Object,string,object[])
UnityEngine.Logger:Log (UnityEngine.LogType,object)
UnityEngine.Debug:Log (object)
Microsoft.MixedReality.Input.Init:.cctor () (at Library/PackageCache/com.microsoft.mixedreality.input@459fa379a429-1621465973804/Editor/Microsoft.MixedReality.Input.Init.cs:88)
System.Runtime.CompilerServices.RuntimeHelpers:RunClassConstructor (System.RuntimeTypeHandle)
UnityEditor.EditorAssemblies:ProcessInitializeOnLoadAttributes (System.Type[])

(Filename: Library/PackageCache/com.microsoft.mixedreality.input@459fa379a429-1621465973804/Editor/Microsoft.MixedReality.Input.Init.cs Line: 88)

[XR] Error loading subsystem: Display (1) (header mismatch?)
Mono: successfully reloaded assembly
- Completed reload, in  2.677 seconds
Platform modules already initialized, skipping
========================================================================
Worker process is ready to serve import requests
Launched and connected shader compiler UnityShaderCompiler.exe after 0.04 seconds
Refreshing native plugins compatible for Editor in 1.05 ms, found 12 plugins.
Preloading 1 native plugins for Editor in 0.07 ms.
Unloading 3688 Unused Serialized files (Serialized files now loaded: 0)
System memory in use before: 337.9 MB.
System memory in use after: 337.8 MB.

Unloading 299 unused Assets to reduce memory usage. Loaded Objects now: 4045.
Total: 4.668000 ms (FindLiveObjects: 0.545600 ms CreateObjectMapping: 0.350600 ms MarkObjects: 2.948000 ms  DeleteObjects: 0.822600 ms)

========================================================================
Received Import Request.
  path: Assets/Free_SpeedTrees/Broadleaf_Desktop.spm
  artifactKey: Guid(b6972eaa35c2e574e8ab5083a59d8459) Importer(815301076,1909f56bfc062723c751e8b465ee728b)
Start importing Assets/Free_SpeedTrees/Broadleaf_Desktop.spm using Guid(b6972eaa35c2e574e8ab5083a59d8459) Importer(815301076,1909f56bfc062723c751e8b465ee728b)  -> (artifact id: 'b3d4cbb1c025e21ae7585ac12f30a0fa') in 1.976098 seconds
  Import took 1.985041 seconds .

========================================================================
Received Import Request.
  Time since last request: 789.570786 seconds.
  path: Assets/Materials/Grey.mat
  artifactKey: Guid(8baee42dfb29f0446974177230ff1983) Importer(815301076,1909f56bfc062723c751e8b465ee728b)
Start importing Assets/Materials/Grey.mat using Guid(8baee42dfb29f0446974177230ff1983) Importer(815301076,1909f56bfc062723c751e8b465ee728b)  -> (artifact id: '21f0761247bfe20e8dcbe9cacd4ac1c4') in 0.030313 seconds
  Import took 0.037248 seconds .

========================================================================
Received Import Request.
  Time since last request: 1557.055750 seconds.
  path: Assets/Materials/grassthingy.png
  artifactKey: Guid(3a132c1260b1f3b4fae7b83aa3f5d777) Importer(815301076,1909f56bfc062723c751e8b465ee728b)
Start importing Assets/Materials/grassthingy.png using Guid(3a132c1260b1f3b4fae7b83aa3f5d777) Importer(815301076,1909f56bfc062723c751e8b465ee728b)  -> (artifact id: '7c587eb1411b7eb27b30639e39b0d537') in 0.048898 seconds
  Import took 0.055969 seconds .

========================================================================
Received Import Request.
  Time since last request: 8.411254 seconds.
  path: Assets/Materials/grassthingy.png
  artifactKey: Guid(3a132c1260b1f3b4fae7b83aa3f5d777) Importer(815301076,1909f56bfc062723c751e8b465ee728b)
Start importing Assets/Materials/grassthingy.png using Guid(3a132c1260b1f3b4fae7b83aa3f5d777) Importer(815301076,1909f56bfc062723c751e8b465ee728b)  -> (artifact id: 'a0a4fcabf0e715ad28a52174e6432a3f') in 0.023843 seconds
  Import took 0.030247 seconds .

========================================================================
Received Import Request.
  Time since last request: 57.134207 seconds.
  path: Assets/Terrain
  artifactKey: Guid(738cd2ee451238d4aaacdb9cf0ff092a) Importer(815301076,1909f56bfc062723c751e8b465ee728b)
Start importing Assets/Terrain using Guid(738cd2ee451238d4aaacdb9cf0ff092a) Importer(815301076,1909f56bfc062723c751e8b465ee728b)  -> (artifact id: 'ca71bd741c1722f1394bdabb4d8c1758') in 0.006667 seconds
  Import took 0.012005 seconds .

========================================================================
Received Import Request.
  Time since last request: 0.048518 seconds.
  path: Assets/Terrain/New Terrain.asset
  artifactKey: Guid(beb9f155433492844b201985c34b310b) Importer(815301076,1909f56bfc062723c751e8b465ee728b)
Start importing Assets/Terrain/New Terrain.asset using Guid(beb9f155433492844b201985c34b310b) Importer(815301076,1909f56bfc062723c751e8b465ee728b)  -> (artifact id: 'd56c1f348b27ebf2cea1b06aae1d7258') in 0.123038 seconds
  Import took 0.129479 seconds .

========================================================================
Received Import Request.
  Time since last request: 0.000278 seconds.
  path: Assets/Terrain/TerrainData_1c2f2498-d34c-42d4-ac08-a6ca3aa00d09.asset
  artifactKey: Guid(74fbe7b454f01dd4f873d4b114bea48d) Importer(815301076,1909f56bfc062723c751e8b465ee728b)
Start importing Assets/Terrain/TerrainData_1c2f2498-d34c-42d4-ac08-a6ca3aa00d09.asset using Guid(74fbe7b454f01dd4f873d4b114bea48d) Importer(815301076,1909f56bfc062723c751e8b465ee728b)  -> (artifact id: 'bd40a880e4b47253343f5c95f92f04c9') in 0.065013 seconds
  Import took 0.070418 seconds .

========================================================================
Received Import Request.
  Time since last request: 0.000249 seconds.
  path: Assets/Terrain/TerrainData_45534ca4-cbf2-4ce2-a065-db7ac08ab2bb.asset
  artifactKey: Guid(b7245d62d15c40044949b57e23ccfc79) Importer(815301076,1909f56bfc062723c751e8b465ee728b)
Start importing Assets/Terrain/TerrainData_45534ca4-cbf2-4ce2-a065-db7ac08ab2bb.asset using Guid(b7245d62d15c40044949b57e23ccfc79) Importer(815301076,1909f56bfc062723c751e8b465ee728b)  -> (artifact id: '5e82e07d1b3cc1407f27568bf9497e3c') in 0.038167 seconds
  Import took 0.043738 seconds .

========================================================================
Received Import Request.
  Time since last request: 0.000227 seconds.
  path: Assets/Terrain/TerrainData_785fad48-35f0-4de6-84fe-b0f85cc0bbb5.asset
  artifactKey: Guid(271f91d7d0cb004419e01b7bf54b6c99) Importer(815301076,1909f56bfc062723c751e8b465ee728b)
Start importing Assets/Terrain/TerrainData_785fad48-35f0-4de6-84fe-b0f85cc0bbb5.asset using Guid(271f91d7d0cb004419e01b7bf54b6c99) Importer(815301076,1909f56bfc062723c751e8b465ee728b)  -> (artifact id: 'c1059d97c31dae2122c3129a35f09933') in 0.034029 seconds
  Import took 0.040490 seconds .

========================================================================
Received Import Request.
  Time since last request: 0.000294 seconds.
  path: Assets/Terrain/TerrainData_ded24abb-3e75-4a7f-9a36-f53c1ebf9dbb.asset
  artifactKey: Guid(b1257b0627aa6974286adc86383b853e) Importer(815301076,1909f56bfc062723c751e8b465ee728b)
Start importing Assets/Terrain/TerrainData_ded24abb-3e75-4a7f-9a36-f53c1ebf9dbb.asset using Guid(b1257b0627aa6974286adc86383b853e) Importer(815301076,1909f56bfc062723c751e8b465ee728b)  -> (artifact id: '625c7f81e84367a41f989a35f3e2664f') in 0.042304 seconds
  Import took 0.048094 seconds .

========================================================================
Received Import Request.
  Time since last request: 0.000286 seconds.
  path: Assets/Terrain/TerrainData_53aec61b-7dbf-4913-9f43-fe9da0b5324d.asset
  artifactKey: Guid(f7f54c6157b752440870025349dc4e13) Importer(815301076,1909f56bfc062723c751e8b465ee728b)
Start importing Assets/Terrain/TerrainData_53aec61b-7dbf-4913-9f43-fe9da0b5324d.asset using Guid(f7f54c6157b752440870025349dc4e13) Importer(815301076,1909f56bfc062723c751e8b465ee728b)  -> (artifact id: '5b5e8b9f028db4375a9ad12bbf328310') in 0.047862 seconds
  Import took 0.054321 seconds .

========================================================================
Received Import Request.
  Time since last request: 0.000313 seconds.
  path: Assets/Terrain/TerrainData_b2fbc616-2b6c-4b89-8564-0372efa20ccd.asset
  artifactKey: Guid(29c85d4717f6d64408821c21a5777a98) Importer(815301076,1909f56bfc062723c751e8b465ee728b)
Start importing Assets/Terrain/TerrainData_b2fbc616-2b6c-4b89-8564-0372efa20ccd.asset using Guid(29c85d4717f6d64408821c21a5777a98) Importer(815301076,1909f56bfc062723c751e8b465ee728b)  -> (artifact id: 'b016b338f51c253ef936361f6192c832') in 0.031245 seconds
  Import took 0.037250 seconds .

========================================================================
Received Import Request.
  Time since last request: 0.000252 seconds.
  path: Assets/Terrain/TerrainData_bc413100-5e57-49dd-9a58-0b24fc181a65.asset
  artifactKey: Guid(a3509b3f4049e1f4da88240d0581b7a7) Importer(815301076,1909f56bfc062723c751e8b465ee728b)
Start importing Assets/Terrain/TerrainData_bc413100-5e57-49dd-9a58-0b24fc181a65.asset using Guid(a3509b3f4049e1f4da88240d0581b7a7) Importer(815301076,1909f56bfc062723c751e8b465ee728b)  -> (artifact id: '4f96b3ebacc1038f07b93b2c43834cf6') in 0.027434 seconds
  Import took 0.032496 seconds .

========================================================================
Received Import Request.
  Time since last request: 0.000220 seconds.
  path: Assets/Terrain/TerrainData_4ec24627-fe50-452c-bff9-abcfa77e27fe.asset
  artifactKey: Guid(5a8cec5abe77fa647abb978007f11d4b) Importer(815301076,1909f56bfc062723c751e8b465ee728b)
Start importing Assets/Terrain/TerrainData_4ec24627-fe50-452c-bff9-abcfa77e27fe.asset using Guid(5a8cec5abe77fa647abb978007f11d4b) Importer(815301076,1909f56bfc062723c751e8b465ee728b)  -> (artifact id: '713c326ff7c115c987dffd073d4fb87a') in 0.024478 seconds
  Import took 0.029573 seconds .

========================================================================
Received Import Request.
  Time since last request: 3.411868 seconds.
  path: Assets/Samples
  artifactKey: Guid(d45e513d2e426cf448e5ff8fcb9af386) Importer(815301076,1909f56bfc062723c751e8b465ee728b)
Start importing Assets/Samples using Guid(d45e513d2e426cf448e5ff8fcb9af386) Importer(815301076,1909f56bfc062723c751e8b465ee728b)  -> (artifact id: '16a9fc4548d176e37347a4e50422297b') in 0.015080 seconds
  Import took 0.020793 seconds .

========================================================================
Received Import Request.
  Time since last request: 0.516462 seconds.
  path: Assets/Scenes
  artifactKey: Guid(5da1e53a4cbba1243a39933e3b99d5f7) Importer(815301076,1909f56bfc062723c751e8b465ee728b)
Start importing Assets/Scenes using Guid(5da1e53a4cbba1243a39933e3b99d5f7) Importer(815301076,1909f56bfc062723c751e8b465ee728b)  -> (artifact id: '7e7e25ab54a6f013f179783024e98f32') in 0.014603 seconds
  Import took 0.020977 seconds .

========================================================================
Received Import Request.
  Time since last request: 1.975136 seconds.
  path: Assets/GrassFlowers
  artifactKey: Guid(a698f1ddf319e0e4b905cdc9e227dc4e) Importer(815301076,1909f56bfc062723c751e8b465ee728b)
Start importing Assets/GrassFlowers using Guid(a698f1ddf319e0e4b905cdc9e227dc4e) Importer(815301076,1909f56bfc062723c751e8b465ee728b)  -> (artifact id: '25e58a20ea571f6a571f8fe4320f7247') in 0.005588 seconds
  Import took 0.020756 seconds .

========================================================================
Received Import Request.
  Time since last request: 30.295756 seconds.
  path: Assets/Free_SpeedTrees/Broadleaf_Mobile_Atlas_Normal.tga
  artifactKey: Guid(cae8ecee60430f64b90c5796b575e166) Importer(815301076,1909f56bfc062723c751e8b465ee728b)
Start importing Assets/Free_SpeedTrees/Broadleaf_Mobile_Atlas_Normal.tga using Guid(cae8ecee60430f64b90c5796b575e166) Importer(815301076,1909f56bfc062723c751e8b465ee728b)  -> (artifact id: '72a1669afe8221a0b6d46632af2cf232') in 0.126237 seconds
  Import took 0.134250 seconds .

========================================================================
Received Import Request.
  Time since last request: 0.000239 seconds.
  path: Assets/Free_SpeedTrees/Broadleaf_Mobile_Atlas_Specular.tga
  artifactKey: Guid(2fae588f60ac4474ea0fb25519d51427) Importer(815301076,1909f56bfc062723c751e8b465ee728b)
Start importing Assets/Free_SpeedTrees/Broadleaf_Mobile_Atlas_Specular.tga using Guid(2fae588f60ac4474ea0fb25519d51427) Importer(815301076,1909f56bfc062723c751e8b465ee728b)  -> (artifact id: 'e54854d40824756b5fb9b4b2bba0fa63') in 0.028452 seconds
  Import took 0.033465 seconds .

========================================================================
Received Import Request.
  Time since last request: 0.001655 seconds.
  path: Assets/Free_SpeedTrees/Broadleaf_Mobile_Atlas_Specular.tga
  artifactKey: Guid(2fae588f60ac4474ea0fb25519d51427) Importer(815301076,1909f56bfc062723c751e8b465ee728b)
Start importing Assets/Free_SpeedTrees/Broadleaf_Mobile_Atlas_Specular.tga using Guid(2fae588f60ac4474ea0fb25519d51427) Importer(815301076,1909f56bfc062723c751e8b465ee728b)  -> (artifact id: 'e54854d40824756b5fb9b4b2bba0fa63') in 0.008842 seconds
  Import took 0.014335 seconds .

========================================================================
Received Import Request.
  Time since last request: 0.000333 seconds.
  path: Assets/Free_SpeedTrees/BroadleafBark.tga
  artifactKey: Guid(8388ef004037cfb4bb078b578e3ed979) Importer(815301076,1909f56bfc062723c751e8b465ee728b)
Start importing Assets/Free_SpeedTrees/BroadleafBark.tga using Guid(8388ef004037cfb4bb078b578e3ed979) Importer(815301076,1909f56bfc062723c751e8b465ee728b)  -> (artifact id: '0a6559341511419a682e14d316d4fc2e') in 0.016628 seconds
  Import took 0.022481 seconds .

========================================================================
Received Import Request.
  Time since last request: 0.000340 seconds.
  path: Assets/Free_SpeedTrees/BroadleafBark_Normal.tga
  artifactKey: Guid(1f5ec39442ecd0743b110eccfc24d442) Importer(815301076,1909f56bfc062723c751e8b465ee728b)
Start importing Assets/Free_SpeedTrees/BroadleafBark_Normal.tga using Guid(1f5ec39442ecd0743b110eccfc24d442) Importer(815301076,1909f56bfc062723c751e8b465ee728b)  -> (artifact id: '201459ce78719ae634eb08e6e5b03ca5') in 0.016803 seconds
  Import took 0.022118 seconds .

========================================================================
Received Import Request.
  Time since last request: 0.000268 seconds.
  path: Assets/Free_SpeedTrees/BroadleafBark.tga
  artifactKey: Guid(8388ef004037cfb4bb078b578e3ed979) Importer(815301076,1909f56bfc062723c751e8b465ee728b)
Start importing Assets/Free_SpeedTrees/BroadleafBark.tga using Guid(8388ef004037cfb4bb078b578e3ed979) Importer(815301076,1909f56bfc062723c751e8b465ee728b)  -> (artifact id: '0a6559341511419a682e14d316d4fc2e') in 0.005421 seconds
  Import took 0.010517 seconds .

========================================================================
Received Import Request.
  Time since last request: 0.000209 seconds.
  path: Assets/Free_SpeedTrees/BroadleafBark_Normal.tga
  artifactKey: Guid(1f5ec39442ecd0743b110eccfc24d442) Importer(815301076,1909f56bfc062723c751e8b465ee728b)
Start importing Assets/Free_SpeedTrees/BroadleafBark_Normal.tga using Guid(1f5ec39442ecd0743b110eccfc24d442) Importer(815301076,1909f56bfc062723c751e8b465ee728b)  -> (artifact id: '201459ce78719ae634eb08e6e5b03ca5') in 0.009010 seconds
  Import took 0.013874 seconds .

========================================================================
Received Import Request.
  Time since last request: 0.051534 seconds.
  path: Assets/Free_SpeedTrees/Broadleaves_Card_Desktop.tga
  artifactKey: Guid(e64cf5c9456ef684aaff7b60939f2eaa) Importer(815301076,1909f56bfc062723c751e8b465ee728b)
Start importing Assets/Free_SpeedTrees/Broadleaves_Card_Desktop.tga using Guid(e64cf5c9456ef684aaff7b60939f2eaa) Importer(815301076,1909f56bfc062723c751e8b465ee728b)  -> (artifact id: '71ba6f8735cc1c8b25bb94e68849dcaa') in 0.032260 seconds
  Import took 0.040151 seconds .

========================================================================
Received Import Request.
  Time since last request: 0.000263 seconds.
  path: Assets/Free_SpeedTrees/Broadleaves_Card_Desktop_Normal.tga
  artifactKey: Guid(ba3df608f71aa66459b42227a3bfe843) Importer(815301076,1909f56bfc062723c751e8b465ee728b)
Start importing Assets/Free_SpeedTrees/Broadleaves_Card_Desktop_Normal.tga using Guid(ba3df608f71aa66459b42227a3bfe843) Importer(815301076,1909f56bfc062723c751e8b465ee728b)  -> (artifact id: '7f634d3a33ec86f812cf0093b4715670') in 0.015424 seconds
  Import took 0.020871 seconds .

========================================================================
Received Import Request.
  Time since last request: 0.000232 seconds.
  path: Assets/Free_SpeedTrees/Broadleaves_Desktop.tga
  artifactKey: Guid(ce9dea0a872176a4c894d4bcfb48fd18) Importer(815301076,1909f56bfc062723c751e8b465ee728b)
Start importing Assets/Free_SpeedTrees/Broadleaves_Desktop.tga using Guid(ce9dea0a872176a4c894d4bcfb48fd18) Importer(815301076,1909f56bfc062723c751e8b465ee728b)  -> (artifact id: '8afee3623ecc64af0d2a05dd982ac873') in 0.018130 seconds
  Import took 0.023883 seconds .

========================================================================
Received Import Request.
  Time since last request: 0.000176 seconds.
  path: Assets/Free_SpeedTrees/Broadleaves_Card_Desktop_Spec.tga
  artifactKey: Guid(f11e0c60fcaddcd4ca3d2de05ae014c1) Importer(815301076,1909f56bfc062723c751e8b465ee728b)
Start importing Assets/Free_SpeedTrees/Broadleaves_Card_Desktop_Spec.tga using Guid(f11e0c60fcaddcd4ca3d2de05ae014c1) Importer(815301076,1909f56bfc062723c751e8b465ee728b)  -> (artifact id: 'd6e2eb142d81979fee8fc96194a929c1') in 0.016653 seconds
  Import took 0.022064 seconds .

========================================================================
Received Import Request.
  Time since last request: 0.004933 seconds.
  path: Assets/Free_SpeedTrees/Broadleaves_Desktop_Normal.tga
  artifactKey: Guid(ca83d5eb2956aee4e9773b061b826d27) Importer(815301076,1909f56bfc062723c751e8b465ee728b)
Start importing Assets/Free_SpeedTrees/Broadleaves_Desktop_Normal.tga using Guid(ca83d5eb2956aee4e9773b061b826d27) Importer(815301076,1909f56bfc062723c751e8b465ee728b)  -> (artifact id: '4bf536f72febf6a94a9b6feef547fa54') in 0.016511 seconds
  Import took 0.022322 seconds .

========================================================================
Received Import Request.
  Time since last request: 0.000226 seconds.
  path: Assets/Free_SpeedTrees/Broadleaves_Desktop_Spec.tga
  artifactKey: Guid(8aa20d044431d7146a3169d49aac11bf) Importer(815301076,1909f56bfc062723c751e8b465ee728b)
Start importing Assets/Free_SpeedTrees/Broadleaves_Desktop_Spec.tga using Guid(8aa20d044431d7146a3169d49aac11bf) Importer(815301076,1909f56bfc062723c751e8b465ee728b)  -> (artifact id: 'ac57f080f1dc33d4c4d58dcc3f72cffa') in 0.017875 seconds
  Import took 0.023692 seconds .

========================================================================
Received Import Request.
  Time since last request: 0.332484 seconds.
  path: Assets/Free_SpeedTrees/Broadleaves_Mobile.tga
  artifactKey: Guid(fda4b0464694cfc4ea753953e2b5c879) Importer(815301076,1909f56bfc062723c751e8b465ee728b)
Start importing Assets/Free_SpeedTrees/Broadleaves_Mobile.tga using Guid(fda4b0464694cfc4ea753953e2b5c879) Importer(815301076,1909f56bfc062723c751e8b465ee728b)  -> (artifact id: 'd23a5c0e6c7c6addbd05c8ab1799a43e') in 0.027862 seconds
  Import took 0.034047 seconds .

========================================================================
Received Import Request.
  Time since last request: 0.000276 seconds.
  path: Assets/Samples/Terrain Tools/0.1.0-preview/Terrain Assets/BrushTextures/canyon01.tif
  artifactKey: Guid(903360ef543b50449ae74931c4fddc2c) Importer(815301076,1909f56bfc062723c751e8b465ee728b)
Start importing Assets/Samples/Terrain Tools/0.1.0-preview/Terrain Assets/BrushTextures/canyon01.tif using Guid(903360ef543b50449ae74931c4fddc2c) Importer(815301076,1909f56bfc062723c751e8b465ee728b)  -> (artifact id: '6821ad9df8d3904700adb6b29a567c55') in 0.018797 seconds
  Import took 0.024143 seconds .

========================================================================
Received Import Request.
  Time since last request: 0.000250 seconds.
  path: Assets/Free_SpeedTrees/Broadleaves_Mobile_Spec.tga
  artifactKey: Guid(55d21301079feab4f9262aad8851109c) Importer(815301076,1909f56bfc062723c751e8b465ee728b)
Start importing Assets/Free_SpeedTrees/Broadleaves_Mobile_Spec.tga using Guid(55d21301079feab4f9262aad8851109c) Importer(815301076,1909f56bfc062723c751e8b465ee728b)  -> (artifact id: '8ba9e6bded5610ececfb3c5a5d1bd0fd') in 0.022392 seconds
  Import took 0.027593 seconds .

========================================================================
Received Import Request.
  Time since last request: 0.000273 seconds.
  path: Assets/Free_SpeedTrees/Broadleaves_Mobile_Normal.tga
  artifactKey: Guid(43fb5de94234b754c904d3a30aa4c2f4) Importer(815301076,1909f56bfc062723c751e8b465ee728b)
Start importing Assets/Free_SpeedTrees/Broadleaves_Mobile_Normal.tga using Guid(43fb5de94234b754c904d3a30aa4c2f4) Importer(815301076,1909f56bfc062723c751e8b465ee728b)  -> (artifact id: 'dd34e73af727e55601aae9f2db0f9bbd') in 0.018246 seconds
  Import took 0.023886 seconds .

========================================================================
Received Import Request.
  Time since last request: 0.327293 seconds.
  path: Assets/Samples/Terrain Tools/0.1.0-preview/Terrain Assets/BrushTextures/canyon02.tif
  artifactKey: Guid(4fe4d3241d435594b82a72af96e4052d) Importer(815301076,1909f56bfc062723c751e8b465ee728b)
Start importing Assets/Samples/Terrain Tools/0.1.0-preview/Terrain Assets/BrushTextures/canyon02.tif using Guid(4fe4d3241d435594b82a72af96e4052d) Importer(815301076,1909f56bfc062723c751e8b465ee728b)  -> (artifact id: 'a0ac864b06d1409b237b8fd02f5c7237') in 0.028120 seconds
  Import took 0.033236 seconds .

========================================================================
Received Import Request.
  Time since last request: 0.000273 seconds.
  path: Assets/Samples/Terrain Tools/0.1.0-preview/Terrain Assets/BrushTextures/canyon03.tif
  artifactKey: Guid(00e07f21ff32c094ea64f6753fb3b542) Importer(815301076,1909f56bfc062723c751e8b465ee728b)
Start importing Assets/Samples/Terrain Tools/0.1.0-preview/Terrain Assets/BrushTextures/canyon03.tif using Guid(00e07f21ff32c094ea64f6753fb3b542) Importer(815301076,1909f56bfc062723c751e8b465ee728b)  -> (artifact id: 'a964546a7918486f194a992ac6585c77') in 0.018916 seconds
  Import took 0.024291 seconds .

========================================================================
Received Import Request.
  Time since last request: 0.000293 seconds.
  path: Assets/Samples/Terrain Tools/0.1.0-preview/Terrain Assets/BrushTextures/canyon04.tif
  artifactKey: Guid(fd3a283142a57bd4aa8029f5e0705fc5) Importer(815301076,1909f56bfc062723c751e8b465ee728b)
Start importing Assets/Samples/Terrain Tools/0.1.0-preview/Terrain Assets/BrushTextures/canyon04.tif using Guid(fd3a283142a57bd4aa8029f5e0705fc5) Importer(815301076,1909f56bfc062723c751e8b465ee728b)  -> (artifact id: '757399f95666b207e017de3a315eb903') in 0.019468 seconds
  Import took 0.025410 seconds .

========================================================================
Received Import Request.
  Time since last request: 0.000202 seconds.
  path: Assets/Samples/Terrain Tools/0.1.0-preview/Terrain Assets/BrushTextures/canyon05.tif
  artifactKey: Guid(3771b24b1afb4bd4d86e3ba795b65a32) Importer(815301076,1909f56bfc062723c751e8b465ee728b)
Start importing Assets/Samples/Terrain Tools/0.1.0-preview/Terrain Assets/BrushTextures/canyon05.tif using Guid(3771b24b1afb4bd4d86e3ba795b65a32) Importer(815301076,1909f56bfc062723c751e8b465ee728b)  -> (artifact id: 'a7fb71b8be8034ce7ca035d0bfca0174') in 0.027250 seconds
  Import took 0.032421 seconds .

========================================================================
Received Import Request.
  Time since last request: 0.000230 seconds.
  path: Assets/Free_SpeedTrees/Cap_01_Normal.tga
  artifactKey: Guid(28708d8807aed5e4fb6d176a1f42c0d9) Importer(815301076,1909f56bfc062723c751e8b465ee728b)
Start importing Assets/Free_SpeedTrees/Cap_01_Normal.tga using Guid(28708d8807aed5e4fb6d176a1f42c0d9) Importer(815301076,1909f56bfc062723c751e8b465ee728b)  -> (artifact id: 'f9b19e58955600de6c13b880f57ab3ce') in 0.018628 seconds
  Import took 0.023839 seconds .

========================================================================
Received Import Request.
  Time since last request: 0.000200 seconds.
  path: Assets/Free_SpeedTrees/Cap_01.tga
  artifactKey: Guid(4c736772015edbc45a598838d178886f) Importer(815301076,1909f56bfc062723c751e8b465ee728b)
Start importing Assets/Free_SpeedTrees/Cap_01.tga using Guid(4c736772015edbc45a598838d178886f) Importer(815301076,1909f56bfc062723c751e8b465ee728b)  -> (artifact id: 'a8ae4b9cbf9c9c38f4c9888f67078c0a') in 0.016986 seconds
  Import took 0.022392 seconds .

========================================================================
Received Import Request.
  Time since last request: 0.329904 seconds.
  path: Assets/Free_SpeedTrees/Cap_02.tga
  artifactKey: Guid(1e84037f5ea09ab4591dfa710d05aea0) Importer(815301076,1909f56bfc062723c751e8b465ee728b)
Start importing Assets/Free_SpeedTrees/Cap_02.tga using Guid(1e84037f5ea09ab4591dfa710d05aea0) Importer(815301076,1909f56bfc062723c751e8b465ee728b)  -> (artifact id: 'a4d8b8f6c799fe1a694225b5cf971d0f') in 0.026397 seconds
  Import took 0.033043 seconds .

========================================================================
Received Import Request.
  Time since last request: 0.000303 seconds.
  path: Assets/Free_SpeedTrees/Cap_02_Normal.tga
  artifactKey: Guid(087603efcf9e15c4fa292a1ba47041f7) Importer(815301076,1909f56bfc062723c751e8b465ee728b)
Start importing Assets/Free_SpeedTrees/Cap_02_Normal.tga using Guid(087603efcf9e15c4fa292a1ba47041f7) Importer(815301076,1909f56bfc062723c751e8b465ee728b)  -> (artifact id: 'a5f4eb53f31adfd39d1b400db55873d4') in 0.017972 seconds
  Import took 0.023074 seconds .

========================================================================
Received Import Request.
  Time since last request: 0.000205 seconds.
  path: Assets/Free_SpeedTrees/ClippedFrond_Normal.tga
  artifactKey: Guid(e399812032ced8c4b91235f1231db905) Importer(815301076,1909f56bfc062723c751e8b465ee728b)
Start importing Assets/Free_SpeedTrees/ClippedFrond_Normal.tga using Guid(e399812032ced8c4b91235f1231db905) Importer(815301076,1909f56bfc062723c751e8b465ee728b)  -> (artifact id: '744ee98f23b737fdda055bf7400a335b') in 0.017219 seconds
  Import took 0.022481 seconds .

========================================================================
Received Import Request.
  Time since last request: 0.000267 seconds.
  path: Assets/Free_SpeedTrees/Cap_02_Normal.tga
  artifactKey: Guid(087603efcf9e15c4fa292a1ba47041f7) Importer(815301076,1909f56bfc062723c751e8b465ee728b)
Start importing Assets/Free_SpeedTrees/Cap_02_Normal.tga using Guid(087603efcf9e15c4fa292a1ba47041f7) Importer(815301076,1909f56bfc062723c751e8b465ee728b)  -> (artifact id: 'a5f4eb53f31adfd39d1b400db55873d4') in 0.009131 seconds
  Import took 0.014345 seconds .

========================================================================
Received Import Request.
  Time since last request: 0.000230 seconds.
  path: Assets/Free_SpeedTrees/Cap_02.tga
  artifactKey: Guid(1e84037f5ea09ab4591dfa710d05aea0) Importer(815301076,1909f56bfc062723c751e8b465ee728b)
Start importing Assets/Free_SpeedTrees/Cap_02.tga using Guid(1e84037f5ea09ab4591dfa710d05aea0) Importer(815301076,1909f56bfc062723c751e8b465ee728b)  -> (artifact id: 'a4d8b8f6c799fe1a694225b5cf971d0f') in 0.009432 seconds
  Import took 0.014494 seconds .

========================================================================
Received Import Request.
  Time since last request: 0.000233 seconds.
  path: Assets/Free_SpeedTrees/ClippedFrond.tga
  artifactKey: Guid(92b189208338b724f828f66e4eb40478) Importer(815301076,1909f56bfc062723c751e8b465ee728b)
Start importing Assets/Free_SpeedTrees/ClippedFrond.tga using Guid(92b189208338b724f828f66e4eb40478) Importer(815301076,1909f56bfc062723c751e8b465ee728b)  -> (artifact id: '6f7afbb5dc17bf2a45e8731ffbb7ecfd') in 0.015773 seconds
  Import took 0.020711 seconds .

========================================================================
Received Import Request.
  Time since last request: 0.000210 seconds.
  path: Assets/Samples/Terrain Tools/0.1.0-preview/Terrain Assets/BrushTextures/clouds.tif
  artifactKey: Guid(791ebe8a3d329b34ca7dc4616ec3cd34) Importer(815301076,1909f56bfc062723c751e8b465ee728b)
Start importing Assets/Samples/Terrain Tools/0.1.0-preview/Terrain Assets/BrushTextures/clouds.tif using Guid(791ebe8a3d329b34ca7dc4616ec3cd34) Importer(815301076,1909f56bfc062723c751e8b465ee728b)  -> (artifact id: '3c43f056d1925fe617ab3cd366c11f91') in 0.014432 seconds
  Import took 0.019787 seconds .

========================================================================
Received Import Request.
  Time since last request: 0.000185 seconds.
  path: Assets/Free_SpeedTrees/Conifer_Desktop_Atlas.tga
  artifactKey: Guid(6252e35b1ca7f8a41bee8af931e1518a) Importer(815301076,1909f56bfc062723c751e8b465ee728b)
Start importing Assets/Free_SpeedTrees/Conifer_Desktop_Atlas.tga using Guid(6252e35b1ca7f8a41bee8af931e1518a) Importer(815301076,1909f56bfc062723c751e8b465ee728b)  -> (artifact id: '6a03ec36c5201b9e66af556fc6f79054') in 0.017497 seconds
  Import took 0.022407 seconds .

========================================================================
Received Import Request.
  Time since last request: 4.253048 seconds.
  path: Assets/GrassFlowers/Textures/GrassFlowers/grass01.tga
  artifactKey: Guid(91a1945982e98be4d9fe3e3d12fdebd8) Importer(815301076,1909f56bfc062723c751e8b465ee728b)
Start importing Assets/GrassFlowers/Textures/GrassFlowers/grass01.tga using Guid(91a1945982e98be4d9fe3e3d12fdebd8) Importer(815301076,1909f56bfc062723c751e8b465ee728b)  -> (artifact id: 'a6a983d7bcf021827a12b4e8c3fa6ef1') in 0.012099 seconds
  Import took 0.018258 seconds .

========================================================================
Received Import Request.
  Time since last request: 0.000350 seconds.
  path: Assets/GrassFlowers/Textures/GrassFlowers/grassFlower03.tga
  artifactKey: Guid(c6bde8cacfa93444fa98152cb9e36815) Importer(815301076,1909f56bfc062723c751e8b465ee728b)
Start importing Assets/GrassFlowers/Textures/GrassFlowers/grassFlower03.tga using Guid(c6bde8cacfa93444fa98152cb9e36815) Importer(815301076,1909f56bfc062723c751e8b465ee728b)  -> (artifact id: 'ee61c29d95ead2d9b7853c2f0539a7ae') in 0.020029 seconds
  Import took 0.026780 seconds .

========================================================================
Received Import Request.
  Time since last request: 0.000265 seconds.
  path: Assets/GrassFlowers/Textures/GrassFlowers/grass01.tga
  artifactKey: Guid(91a1945982e98be4d9fe3e3d12fdebd8) Importer(815301076,1909f56bfc062723c751e8b465ee728b)
Start importing Assets/GrassFlowers/Textures/GrassFlowers/grass01.tga using Guid(91a1945982e98be4d9fe3e3d12fdebd8) Importer(815301076,1909f56bfc062723c751e8b465ee728b)  -> (artifact id: 'a6a983d7bcf021827a12b4e8c3fa6ef1') in 0.009871 seconds
  Import took 0.014998 seconds .

========================================================================
Received Import Request.
  Time since last request: 0.000237 seconds.
  path: Assets/GrassFlowers/Textures/GrassFlowers/grassFlower04.tga
  artifactKey: Guid(5c744e80ad52c884c9ac4c9139b3aaae) Importer(815301076,1909f56bfc062723c751e8b465ee728b)
Start importing Assets/GrassFlowers/Textures/GrassFlowers/grassFlower04.tga using Guid(5c744e80ad52c884c9ac4c9139b3aaae) Importer(815301076,1909f56bfc062723c751e8b465ee728b)  -> (artifact id: '28d812492bbd78cc2cbc72eddd1b19e2') in 0.017710 seconds
  Import took 0.023424 seconds .

========================================================================
Received Import Request.
  Time since last request: 0.000223 seconds.
  path: Assets/GrassFlowers/Textures/GrassFlowers/grassFlower01.tga
  artifactKey: Guid(5733619f617fd954cac22d3d11fd1b93) Importer(815301076,1909f56bfc062723c751e8b465ee728b)
Start importing Assets/GrassFlowers/Textures/GrassFlowers/grassFlower01.tga using Guid(5733619f617fd954cac22d3d11fd1b93) Importer(815301076,1909f56bfc062723c751e8b465ee728b)  -> (artifact id: 'd98c964dac7fc021cf8bc0667d69c0d6') in 0.017482 seconds
  Import took 0.022928 seconds .

========================================================================
Received Import Request.
  Time since last request: 0.000250 seconds.
  path: Assets/GrassFlowers/Textures/Ground/Grass01_BigUV.png
  artifactKey: Guid(38bb15d6b378aff46b461e248592d1da) Importer(815301076,1909f56bfc062723c751e8b465ee728b)
Start importing Assets/GrassFlowers/Textures/Ground/Grass01_BigUV.png using Guid(38bb15d6b378aff46b461e248592d1da) Importer(815301076,1909f56bfc062723c751e8b465ee728b)  -> (artifact id: '6fba26c6aaf6369ac2c1683e21ebc699') in 0.030639 seconds
  Import took 0.036465 seconds .

========================================================================
Received Import Request.
  Time since last request: 0.000220 seconds.
  path: Assets/GrassFlowers/Textures/GrassFlowers/grassFlower02.tga
  artifactKey: Guid(b0601839c4520064bb61d58d088810bc) Importer(815301076,1909f56bfc062723c751e8b465ee728b)
Start importing Assets/GrassFlowers/Textures/GrassFlowers/grassFlower02.tga using Guid(b0601839c4520064bb61d58d088810bc) Importer(815301076,1909f56bfc062723c751e8b465ee728b)  -> (artifact id: '5d99ff40acc20b8e09e2dd47595c942c') in 0.019456 seconds
  Import took 0.024584 seconds .

========================================================================
Received Import Request.
  Time since last request: 0.000174 seconds.
  path: Assets/GrassFlowers/Textures/GrassFlowers/grass02.tga
  artifactKey: Guid(cf3069941001b5c46b1f13d4551d0fd9) Importer(815301076,1909f56bfc062723c751e8b465ee728b)
Start importing Assets/GrassFlowers/Textures/GrassFlowers/grass02.tga using Guid(cf3069941001b5c46b1f13d4551d0fd9) Importer(815301076,1909f56bfc062723c751e8b465ee728b)  -> (artifact id: 'f3985d3be5ee3cc643106b96f315a794') in 0.009988 seconds
  Import took 0.015357 seconds .

========================================================================
Received Prepare
Registering precompiled user dll's ...
Registered in 0.445719 seconds.
Begin MonoManager ReloadAssembly
Native extension for WindowsStandalone target not found
Refreshing native plugins compatible for Editor in 1.21 ms, found 12 plugins.
Preloading 1 native plugins for Editor in 0.08 ms.
Warning: Annotation not found!
UnityEngine.StackTraceUtility:ExtractStackTrace ()
UnityEditor.ProBuilder.EditorUtility:SetGizmoIconEnabled (System.Type,bool) (at Library/PackageCache/com.unity.probuilder@4.5.0/Editor/EditorCore/EditorUtility.cs:593)
UnityEditor.ProBuilder.HierarchyListener:.cctor () (at Library/PackageCache/com.unity.probuilder@4.5.0/Editor/EditorCore/HierarchyListener.cs:21)
System.Runtime.CompilerServices.RuntimeHelpers:RunClassConstructor (System.RuntimeTypeHandle)
UnityEditor.EditorAssemblies:ProcessInitializeOnLoadAttributes (System.Type[])

[Library/PackageCache/com.unity.probuilder@4.5.0/Editor/EditorCore/EditorUtility.cs line 593]

Added DLL directory C:\Users\velden.bergonia\Documents\GitHub\VB-VRITM\Library\PackageCache\com.microsoft.mixedreality.input@459fa379a429-1621465973804\Plugins\Windows\x64 to the user search path.
UnityEngine.StackTraceUtility:ExtractStackTrace ()
UnityEngine.DebugLogHandler:LogFormat (UnityEngine.LogType,UnityEngine.Object,string,object[])
UnityEngine.Logger:Log (UnityEngine.LogType,object)
UnityEngine.Debug:Log (object)
Microsoft.MixedReality.Input.Init:.cctor () (at Library/PackageCache/com.microsoft.mixedreality.input@459fa379a429-1621465973804/Editor/Microsoft.MixedReality.Input.Init.cs:88)
System.Runtime.CompilerServices.RuntimeHelpers:RunClassConstructor (System.RuntimeTypeHandle)
UnityEditor.EditorAssemblies:ProcessInitializeOnLoadAttributes (System.Type[])

(Filename: Library/PackageCache/com.microsoft.mixedreality.input@459fa379a429-1621465973804/Editor/Microsoft.MixedReality.Input.Init.cs Line: 88)

Error when attempting to update scene info fields. Scene info data may be stale.
UnityEngine.StackTraceUtility:ExtractStackTrace ()
UnityEngine.DebugLogHandler:LogFormat (UnityEngine.LogType,UnityEngine.Object,string,object[])
UnityEngine.Logger:Log (UnityEngine.LogType,object)
UnityEngine.Debug:LogWarning (object)
Microsoft.MixedReality.Toolkit.Editor.SceneInfoUtils:RefreshSceneInfoFieldsInScriptableObjects () (at Library/PackageCache/com.microsoft.mixedreality.toolkit.foundation@1b37a4916cf5-1621465974167/Core/Inspectors/PropertyDrawers/SceneInfoUtils.cs:313)
Microsoft.MixedReality.Toolkit.Editor.SceneInfoUtils:InitializeOnLoad () (at Library/PackageCache/com.microsoft.mixedreality.toolkit.foundation@1b37a4916cf5-1621465974167/Core/Inspectors/PropertyDrawers/SceneInfoUtils.cs:231)

(Filename: Library/PackageCache/com.microsoft.mixedreality.toolkit.foundation@1b37a4916cf5-1621465974167/Core/Inspectors/PropertyDrawers/SceneInfoUtils.cs Line: 313)

Mono: successfully reloaded assembly
- Completed reload, in  2.524 seconds
Platform modules already initialized, skipping
Refreshing native plugins compatible for Editor in 1.01 ms, found 12 plugins.
Preloading 1 native plugins for Editor in 0.07 ms.
Unloading 3585 Unused Serialized files (Serialized files now loaded: 0)
System memory in use before: 330.7 MB.
System memory in use after: 330.8 MB.

Unloading 130 unused Assets to reduce memory usage. Loaded Objects now: 4095.
Total: 5.059100 ms (FindLiveObjects: 0.844400 ms CreateObjectMapping: 0.226900 ms MarkObjects: 3.412800 ms  DeleteObjects: 0.573100 ms)

========================================================================
Received Import Request.
  Time since last request: 246.090583 seconds.
  path: Assets/Textures/stonebrickthingy.png
  artifactKey: Guid(18bef4407326d9c4d9c9a245614ec470) Importer(815301076,1909f56bfc062723c751e8b465ee728b)
Start importing Assets/Textures/stonebrickthingy.png using Guid(18bef4407326d9c4d9c9a245614ec470) Importer(815301076,1909f56bfc062723c751e8b465ee728b)  -> (artifact id: '0a87cc8fd97d14dab509049ec2c85ce5') in 0.039090 seconds
  Import took 0.044705 seconds .

========================================================================
Received Import Request.
  Time since last request: 14.831837 seconds.
  path: Assets/Materials/stonebrickthingy.png
  artifactKey: Guid(18bef4407326d9c4d9c9a245614ec470) Importer(815301076,1909f56bfc062723c751e8b465ee728b)
Start importing Assets/Materials/stonebrickthingy.png using Guid(18bef4407326d9c4d9c9a245614ec470) Importer(815301076,1909f56bfc062723c751e8b465ee728b)  -> (artifact id: '0b0e703f69c73afba29a40b8dcfbc712') in 0.011605 seconds
  Import took 0.027337 seconds .

========================================================================
Received Import Request.
  Time since last request: 5.448902 seconds.
  path: Assets/Textures/original/StoneBrick.png
  artifactKey: Guid(21c130acaf36f9443a2448fa3e7a3d99) Importer(815301076,1909f56bfc062723c751e8b465ee728b)
Start importing Assets/Textures/original/StoneBrick.png using Guid(21c130acaf36f9443a2448fa3e7a3d99) Importer(815301076,1909f56bfc062723c751e8b465ee728b)  -> (artifact id: 'dd282354e4b6bfb92e97d7c8649e642d') in 0.022674 seconds
  Import took 0.027984 seconds .

========================================================================
Received Import Request.
  Time since last request: 44.892577 seconds.
  path: Assets/GrassFlowers/Textures/GrassFlowers/grassFlower09.tga
  artifactKey: Guid(d238efbd27bc5ae4ead9839995f74830) Importer(815301076,1909f56bfc062723c751e8b465ee728b)
Start importing Assets/GrassFlowers/Textures/GrassFlowers/grassFlower09.tga using Guid(d238efbd27bc5ae4ead9839995f74830) Importer(815301076,1909f56bfc062723c751e8b465ee728b)  -> (artifact id: 'cc282ca9ee0f158e6edfa708cf1d0e1f') in 0.018837 seconds
  Import took 0.025860 seconds .

========================================================================
Received Import Request.
  Time since last request: 0.000278 seconds.
  path: Assets/GrassFlowers/Textures/GrassFlowers/grassFlower10.tga
  artifactKey: Guid(dcefc591c195a9f468e9157baa03eb4f) Importer(815301076,1909f56bfc062723c751e8b465ee728b)
Start importing Assets/GrassFlowers/Textures/GrassFlowers/grassFlower10.tga using Guid(dcefc591c195a9f468e9157baa03eb4f) Importer(815301076,1909f56bfc062723c751e8b465ee728b)  -> (artifact id: '4e363b53e93e72a4bfe7c43b45e4698b') in 0.018838 seconds
  Import took 0.025008 seconds .

========================================================================
Received Import Request.
  Time since last request: 0.000253 seconds.
  path: Assets/GrassFlowers/Textures/GrassFlowers/grassFlower09.tga
  artifactKey: Guid(d238efbd27bc5ae4ead9839995f74830) Importer(815301076,1909f56bfc062723c751e8b465ee728b)
Start importing Assets/GrassFlowers/Textures/GrassFlowers/grassFlower09.tga using Guid(d238efbd27bc5ae4ead9839995f74830) Importer(815301076,1909f56bfc062723c751e8b465ee728b)  -> (artifact id: 'cc282ca9ee0f158e6edfa708cf1d0e1f') in 0.011446 seconds
  Import took 0.017238 seconds .

========================================================================
Received Import Request.
  Time since last request: 0.000285 seconds.
  path: Assets/GrassFlowers/Textures/GrassFlowers/grassFlower10.tga
  artifactKey: Guid(dcefc591c195a9f468e9157baa03eb4f) Importer(815301076,1909f56bfc062723c751e8b465ee728b)
Start importing Assets/GrassFlowers/Textures/GrassFlowers/grassFlower10.tga using Guid(dcefc591c195a9f468e9157baa03eb4f) Importer(815301076,1909f56bfc062723c751e8b465ee728b)  -> (artifact id: '4e363b53e93e72a4bfe7c43b45e4698b') in 0.008440 seconds
  Import took 0.013511 seconds .

========================================================================
Received Import Request.
  Time since last request: 0.000208 seconds.
  path: Assets/Samples/Terrain Tools/0.1.0-preview/Terrain Assets/BrushTextures/island01.tif
  artifactKey: Guid(043a3cc82df9fb94aba4f90d2009efc7) Importer(815301076,1909f56bfc062723c751e8b465ee728b)
Start importing Assets/Samples/Terrain Tools/0.1.0-preview/Terrain Assets/BrushTextures/island01.tif using Guid(043a3cc82df9fb94aba4f90d2009efc7) Importer(815301076,1909f56bfc062723c751e8b465ee728b)  -> (artifact id: 'd914159342d30ac82265857aa16ccbe0') in 0.010375 seconds
  Import took 0.016194 seconds .

========================================================================
Received Import Request.
  Time since last request: 0.000220 seconds.
  path: Assets/Samples/Terrain Tools/0.1.0-preview/Terrain Assets/TerrainTextures/moss_mask.tif
  artifactKey: Guid(ff77b812a1621e74694371cb173618ef) Importer(815301076,1909f56bfc062723c751e8b465ee728b)
Start importing Assets/Samples/Terrain Tools/0.1.0-preview/Terrain Assets/TerrainTextures/moss_mask.tif using Guid(ff77b812a1621e74694371cb173618ef) Importer(815301076,1909f56bfc062723c751e8b465ee728b)  -> (artifact id: 'b40ec460c86a868d25bf08796babd879') in 0.016959 seconds
  Import took 0.023143 seconds .

========================================================================
Received Import Request.
  Time since last request: 0.000240 seconds.
  path: Assets/Samples/Terrain Tools/0.1.0-preview/Terrain Assets/TerrainTextures/moss_normal.tif
  artifactKey: Guid(67a70a78d678fb649b5c703cd7dc85c1) Importer(815301076,1909f56bfc062723c751e8b465ee728b)
Start importing Assets/Samples/Terrain Tools/0.1.0-preview/Terrain Assets/TerrainTextures/moss_normal.tif using Guid(67a70a78d678fb649b5c703cd7dc85c1) Importer(815301076,1909f56bfc062723c751e8b465ee728b)  -> (artifact id: '18bd81ba34726d04f8af2134455553f1') in 0.018224 seconds
  Import took 0.023866 seconds .

========================================================================
Received Import Request.
  Time since last request: 0.000194 seconds.
  path: Assets/Samples/Terrain Tools/0.1.0-preview/Terrain Assets/TerrainTextures/moss_albedo.tif
  artifactKey: Guid(43b54d39e0a4c4d47bef645abec127f1) Importer(815301076,1909f56bfc062723c751e8b465ee728b)
Start importing Assets/Samples/Terrain Tools/0.1.0-preview/Terrain Assets/TerrainTextures/moss_albedo.tif using Guid(43b54d39e0a4c4d47bef645abec127f1) Importer(815301076,1909f56bfc062723c751e8b465ee728b)  -> (artifact id: '12f0a8fa6d19b4e4edbe32c9815b1493') in 0.016915 seconds
  Import took 0.022649 seconds .

========================================================================
Received Import Request.
  Time since last request: 0.000213 seconds.
  path: Assets/Samples/Terrain Tools/0.1.0-preview/Terrain Assets/BrushTextures/mountain01.tif
  artifactKey: Guid(6cfb129191988d84eafe31848415a233) Importer(815301076,1909f56bfc062723c751e8b465ee728b)
Start importing Assets/Samples/Terrain Tools/0.1.0-preview/Terrain Assets/BrushTextures/mountain01.tif using Guid(6cfb129191988d84eafe31848415a233) Importer(815301076,1909f56bfc062723c751e8b465ee728b)  -> (artifact id: '81b6b41c33eac319056fbf4674bb9bb4') in 0.015230 seconds
  Import took 0.021124 seconds .

========================================================================
Received Import Request.
  Time since last request: 1.025476 seconds.
  path: Assets/Samples/Terrain Tools/0.1.0-preview/Terrain Assets/BrushTextures/mountain02.tif
  artifactKey: Guid(5b7433cfa322cdb4ba853ecd73127975) Importer(815301076,1909f56bfc062723c751e8b465ee728b)
Start importing Assets/Samples/Terrain Tools/0.1.0-preview/Terrain Assets/BrushTextures/mountain02.tif using Guid(5b7433cfa322cdb4ba853ecd73127975) Importer(815301076,1909f56bfc062723c751e8b465ee728b)  -> (artifact id: '80560afb227a75ad915aaec75be9f241') in 0.010795 seconds
  Import took 0.028128 seconds .

========================================================================
Received Import Request.
  Time since last request: 0.000255 seconds.
  path: Assets/Samples/Terrain Tools/0.1.0-preview/Terrain Assets/BrushTextures/mountain03.tif
  artifactKey: Guid(eb8981774e4509b4ba09dcceaf8814d1) Importer(815301076,1909f56bfc062723c751e8b465ee728b)
Start importing Assets/Samples/Terrain Tools/0.1.0-preview/Terrain Assets/BrushTextures/mountain03.tif using Guid(eb8981774e4509b4ba09dcceaf8814d1) Importer(815301076,1909f56bfc062723c751e8b465ee728b)  -> (artifact id: '228177a88c9d4bde7a2fb33d3a19c117') in 0.011935 seconds
  Import took 0.017914 seconds .

========================================================================
Received Import Request.
  Time since last request: 0.000313 seconds.
  path: Assets/Samples/Terrain Tools/0.1.0-preview/Terrain Assets/BrushTextures/mountain04.tif
  artifactKey: Guid(a1f4f845b9208d64a95cc6177a9b2abc) Importer(815301076,1909f56bfc062723c751e8b465ee728b)
Start importing Assets/Samples/Terrain Tools/0.1.0-preview/Terrain Assets/BrushTextures/mountain04.tif using Guid(a1f4f845b9208d64a95cc6177a9b2abc) Importer(815301076,1909f56bfc062723c751e8b465ee728b)  -> (artifact id: '8a65ee9f673f99d3d32a00d6388a4d47') in 0.016349 seconds
  Import took 0.023055 seconds .

========================================================================
Received Import Request.
  Time since last request: 0.000252 seconds.
  path: Assets/Samples/Terrain Tools/0.1.0-preview/Terrain Assets/BrushTextures/mountain05.tif
  artifactKey: Guid(59cf4095c6c8e0f488ebe12abd1e569a) Importer(815301076,1909f56bfc062723c751e8b465ee728b)
Start importing Assets/Samples/Terrain Tools/0.1.0-preview/Terrain Assets/BrushTextures/mountain05.tif using Guid(59cf4095c6c8e0f488ebe12abd1e569a) Importer(815301076,1909f56bfc062723c751e8b465ee728b)  -> (artifact id: 'b668f06f57c3c7fde09b2d103f4c0217') in 0.016977 seconds
  Import took 0.022537 seconds .

========================================================================
Received Import Request.
  Time since last request: 1.798031 seconds.
  path: Assets/Free_SpeedTrees/Conifer_Needles_Dekstop_Spec.tga
  artifactKey: Guid(09510e72a92b53449aa8ac24fd74d06f) Importer(815301076,1909f56bfc062723c751e8b465ee728b)
Start importing Assets/Free_SpeedTrees/Conifer_Needles_Dekstop_Spec.tga using Guid(09510e72a92b53449aa8ac24fd74d06f) Importer(815301076,1909f56bfc062723c751e8b465ee728b)  -> (artifact id: '8b1731bc99562d12f66f4b53f54aea82') in 0.015154 seconds
  Import took 0.020731 seconds .

========================================================================
Received Prepare
Registering precompiled user dll's ...
Registered in 0.007978 seconds.
Begin MonoManager ReloadAssembly
Native extension for WindowsStandalone target not found
Refreshing native plugins compatible for Editor in 1.08 ms, found 12 plugins.
Preloading 1 native plugins for Editor in 0.09 ms.
Warning: Annotation not found!
UnityEngine.StackTraceUtility:ExtractStackTrace ()
UnityEditor.ProBuilder.EditorUtility:SetGizmoIconEnabled (System.Type,bool) (at Library/PackageCache/com.unity.probuilder@4.5.0/Editor/EditorCore/EditorUtility.cs:593)
UnityEditor.ProBuilder.HierarchyListener:.cctor () (at Library/PackageCache/com.unity.probuilder@4.5.0/Editor/EditorCore/HierarchyListener.cs:21)
System.Runtime.CompilerServices.RuntimeHelpers:RunClassConstructor (System.RuntimeTypeHandle)
UnityEditor.EditorAssemblies:ProcessInitializeOnLoadAttributes (System.Type[])

[Library/PackageCache/com.unity.probuilder@4.5.0/Editor/EditorCore/EditorUtility.cs line 593]

Added DLL directory C:\Users\velden.bergonia\Documents\GitHub\VB-VRITM\Library\PackageCache\com.microsoft.mixedreality.input@459fa379a429-1621465973804\Plugins\Windows\x64 to the user search path.
UnityEngine.StackTraceUtility:ExtractStackTrace ()
UnityEngine.DebugLogHandler:LogFormat (UnityEngine.LogType,UnityEngine.Object,string,object[])
UnityEngine.Logger:Log (UnityEngine.LogType,object)
UnityEngine.Debug:Log (object)
Microsoft.MixedReality.Input.Init:.cctor () (at Library/PackageCache/com.microsoft.mixedreality.input@459fa379a429-1621465973804/Editor/Microsoft.MixedReality.Input.Init.cs:88)
System.Runtime.CompilerServices.RuntimeHelpers:RunClassConstructor (System.RuntimeTypeHandle)
UnityEditor.EditorAssemblies:ProcessInitializeOnLoadAttributes (System.Type[])

(Filename: Library/PackageCache/com.microsoft.mixedreality.input@459fa379a429-1621465973804/Editor/Microsoft.MixedReality.Input.Init.cs Line: 88)

Error when attempting to update scene info fields. Scene info data may be stale.
UnityEngine.StackTraceUtility:ExtractStackTrace ()
UnityEngine.DebugLogHandler:LogFormat (UnityEngine.LogType,UnityEngine.Object,string,object[])
UnityEngine.Logger:Log (UnityEngine.LogType,object)
UnityEngine.Debug:LogWarning (object)
Microsoft.MixedReality.Toolkit.Editor.SceneInfoUtils:RefreshSceneInfoFieldsInScriptableObjects () (at Library/PackageCache/com.microsoft.mixedreality.toolkit.foundation@1b37a4916cf5-1621465974167/Core/Inspectors/PropertyDrawers/SceneInfoUtils.cs:313)
Microsoft.MixedReality.Toolkit.Editor.SceneInfoUtils:InitializeOnLoad () (at Library/PackageCache/com.microsoft.mixedreality.toolkit.foundation@1b37a4916cf5-1621465974167/Core/Inspectors/PropertyDrawers/SceneInfoUtils.cs:231)

(Filename: Library/PackageCache/com.microsoft.mixedreality.toolkit.foundation@1b37a4916cf5-1621465974167/Core/Inspectors/PropertyDrawers/SceneInfoUtils.cs Line: 313)

Mono: successfully reloaded assembly
- Completed reload, in  1.899 seconds
Platform modules already initialized, skipping
Refreshing native plugins compatible for Editor in 0.99 ms, found 12 plugins.
Preloading 1 native plugins for Editor in 0.07 ms.
Unloading 3585 Unused Serialized files (Serialized files now loaded: 0)
System memory in use before: 330.8 MB.
System memory in use after: 330.8 MB.

Unloading 129 unused Assets to reduce memory usage. Loaded Objects now: 4101.
Total: 3.674400 ms (FindLiveObjects: 0.558300 ms CreateObjectMapping: 0.264900 ms MarkObjects: 2.494300 ms  DeleteObjects: 0.356100 ms)

========================================================================
Received Import Request.
  Time since last request: 38.076038 seconds.
  path: Assets/Samples/Terrain Tools/0.1.0-preview/Terrain Assets/BrushTextures/volcanic.tif
  artifactKey: Guid(363319f155d126f42babcdde1483c92d) Importer(815301076,1909f56bfc062723c751e8b465ee728b)
Start importing Assets/Samples/Terrain Tools/0.1.0-preview/Terrain Assets/BrushTextures/volcanic.tif using Guid(363319f155d126f42babcdde1483c92d) Importer(815301076,1909f56bfc062723c751e8b465ee728b)  -> (artifact id: 'f9fb3bd0e86382f204c5a9994d75b730') in 0.044780 seconds
  Import took 0.051384 seconds .

========================================================================
Received Import Request.
  Time since last request: 0.000203 seconds.
  path: Assets/Samples/Terrain Tools/0.1.0-preview/Terrain Assets/BrushTextures/white_square.tif
  artifactKey: Guid(63c633526981fac49b5eb44c0212bf2f) Importer(815301076,1909f56bfc062723c751e8b465ee728b)
Start importing Assets/Samples/Terrain Tools/0.1.0-preview/Terrain Assets/BrushTextures/white_square.tif using Guid(63c633526981fac49b5eb44c0212bf2f) Importer(815301076,1909f56bfc062723c751e8b465ee728b)  -> (artifact id: '5fd09f35b09d2aa3b3a618e83265036d') in 0.008845 seconds
  Import took 0.014905 seconds .

========================================================================
Received Import Request.
  Time since last request: 0.000250 seconds.
  path: Assets/Samples/Terrain Tools/0.1.0-preview/Terrain Assets/BrushTextures/volcanic.tif
  artifactKey: Guid(363319f155d126f42babcdde1483c92d) Importer(815301076,1909f56bfc062723c751e8b465ee728b)
Start importing Assets/Samples/Terrain Tools/0.1.0-preview/Terrain Assets/BrushTextures/volcanic.tif using Guid(363319f155d126f42babcdde1483c92d) Importer(815301076,1909f56bfc062723c751e8b465ee728b)  -> (artifact id: 'f9fb3bd0e86382f204c5a9994d75b730') in 0.014305 seconds
  Import took 0.019678 seconds .

========================================================================
Received Import Request.
  Time since last request: 0.000243 seconds.
  path: Assets/Samples/Terrain Tools/0.1.0-preview/Terrain Assets/BrushTextures/volcano01.tif
  artifactKey: Guid(bd916b355f53ab144901eeb862a0be0b) Importer(815301076,1909f56bfc062723c751e8b465ee728b)
Start importing Assets/Samples/Terrain Tools/0.1.0-preview/Terrain Assets/BrushTextures/volcano01.tif using Guid(bd916b355f53ab144901eeb862a0be0b) Importer(815301076,1909f56bfc062723c751e8b465ee728b)  -> (artifact id: 'a350f9d0023703cd2fd036b19c2dfaa0') in 0.019085 seconds
  Import took 0.024642 seconds .

========================================================================
Received Import Request.
  Time since last request: 0.732149 seconds.
  path: Assets/Samples/Terrain Tools/0.1.0-preview/Terrain Assets/BrushTextures/soft_peaks01.tif
  artifactKey: Guid(adfba81bdb8d30048bbea4ad595dbab7) Importer(815301076,1909f56bfc062723c751e8b465ee728b)
Start importing Assets/Samples/Terrain Tools/0.1.0-preview/Terrain Assets/BrushTextures/soft_peaks01.tif using Guid(adfba81bdb8d30048bbea4ad595dbab7) Importer(815301076,1909f56bfc062723c751e8b465ee728b)  -> (artifact id: '18828990f5c059e1ad7329dc47ecc5e5') in 0.012222 seconds
  Import took 0.017702 seconds .

========================================================================
Received Import Request.
  Time since last request: 0.000253 seconds.
  path: Assets/Samples/Terrain Tools/0.1.0-preview/Terrain Assets/TerrainTextures/snow_mask.tif
  artifactKey: Guid(1a4d9960438e8f242a5155b27813efe9) Importer(815301076,1909f56bfc062723c751e8b465ee728b)
Start importing Assets/Samples/Terrain Tools/0.1.0-preview/Terrain Assets/TerrainTextures/snow_mask.tif using Guid(1a4d9960438e8f242a5155b27813efe9) Importer(815301076,1909f56bfc062723c751e8b465ee728b)  -> (artifact id: '2f769f20a2dac24c9c48cb73128c1fcc') in 0.030335 seconds
  Import took 0.036576 seconds .

========================================================================
Received Import Request.
  Time since last request: 0.000294 seconds.
  path: Assets/Samples/Terrain Tools/0.1.0-preview/Terrain Assets/TerrainTextures/scree_albedo.tif
  artifactKey: Guid(fcd3993703e7d804bb735613d2a5189d) Importer(815301076,1909f56bfc062723c751e8b465ee728b)
Start importing Assets/Samples/Terrain Tools/0.1.0-preview/Terrain Assets/TerrainTextures/scree_albedo.tif using Guid(fcd3993703e7d804bb735613d2a5189d) Importer(815301076,1909f56bfc062723c751e8b465ee728b)  -> (artifact id: '10c2040d92267ba771098cdc78a90cb0') in 0.017489 seconds
  Import took 0.024240 seconds .

========================================================================
Received Import Request.
  Time since last request: 0.000244 seconds.
  path: Assets/Samples/Terrain Tools/0.1.0-preview/Terrain Assets/TerrainTextures/scree_mask.tif
  artifactKey: Guid(e2a486d7d86a7e8469b15e7ae4d004f0) Importer(815301076,1909f56bfc062723c751e8b465ee728b)
Start importing Assets/Samples/Terrain Tools/0.1.0-preview/Terrain Assets/TerrainTextures/scree_mask.tif using Guid(e2a486d7d86a7e8469b15e7ae4d004f0) Importer(815301076,1909f56bfc062723c751e8b465ee728b)  -> (artifact id: '620cc4db1d336de6076068e93c86571d') in 0.018092 seconds
  Import took 0.024029 seconds .

========================================================================
Received Import Request.
  Time since last request: 0.000240 seconds.
  path: Assets/Samples/Terrain Tools/0.1.0-preview/Terrain Assets/TerrainTextures/sand_albedo.tif
  artifactKey: Guid(6bcc65b7c6e3a0b448d7801bfc56842f) Importer(815301076,1909f56bfc062723c751e8b465ee728b)
Start importing Assets/Samples/Terrain Tools/0.1.0-preview/Terrain Assets/TerrainTextures/sand_albedo.tif using Guid(6bcc65b7c6e3a0b448d7801bfc56842f) Importer(815301076,1909f56bfc062723c751e8b465ee728b)  -> (artifact id: 'c3ee83cd0acb239f0f2057037250764f') in 0.017367 seconds
  Import took 0.022960 seconds .

========================================================================
Received Import Request.
  Time since last request: 0.000280 seconds.
  path: Assets/Samples/Terrain Tools/0.1.0-preview/Terrain Assets/BrushTextures/rolling_hills01.tif
  artifactKey: Guid(ef3a42474254efb44a572b52d3ac06cd) Importer(815301076,1909f56bfc062723c751e8b465ee728b)
Start importing Assets/Samples/Terrain Tools/0.1.0-preview/Terrain Assets/BrushTextures/rolling_hills01.tif using Guid(ef3a42474254efb44a572b52d3ac06cd) Importer(815301076,1909f56bfc062723c751e8b465ee728b)  -> (artifact id: '35c132fad8b6189a55e65838d42f3342') in 0.010728 seconds
  Import took 0.016391 seconds .

========================================================================
Received Import Request.
  Time since last request: 0.000231 seconds.
  path: Assets/Samples/Terrain Tools/0.1.0-preview/Terrain Assets/TerrainTextures/sand_mask.tif
  artifactKey: Guid(58a4a6310bd23844bae88d82f7916059) Importer(815301076,1909f56bfc062723c751e8b465ee728b)
Start importing Assets/Samples/Terrain Tools/0.1.0-preview/Terrain Assets/TerrainTextures/sand_mask.tif using Guid(58a4a6310bd23844bae88d82f7916059) Importer(815301076,1909f56bfc062723c751e8b465ee728b)  -> (artifact id: '8d8a5a07bf6c99ab3ba5ec701ec320f1') in 0.023090 seconds
  Import took 0.028484 seconds .

========================================================================
Received Import Request.
  Time since last request: 0.000202 seconds.
  path: Assets/Samples/Terrain Tools/0.1.0-preview/Terrain Assets/TerrainTextures/snow_normal.tif
  artifactKey: Guid(52f2b70b42682a145b20ea5f04fd6af1) Importer(815301076,1909f56bfc062723c751e8b465ee728b)
Start importing Assets/Samples/Terrain Tools/0.1.0-preview/Terrain Assets/TerrainTextures/snow_normal.tif using Guid(52f2b70b42682a145b20ea5f04fd6af1) Importer(815301076,1909f56bfc062723c751e8b465ee728b)  -> (artifact id: '2a3701f1ebc038d4e9a1a6698e1c67d8') in 0.019590 seconds
  Import took 0.025112 seconds .

========================================================================
Received Import Request.
  Time since last request: 0.000208 seconds.
  path: Assets/Samples/Terrain Tools/0.1.0-preview/Terrain Assets/TerrainTextures/screen_normal.tif
  artifactKey: Guid(703d1f74c69fc95498dcfd0afe8e1d61) Importer(815301076,1909f56bfc062723c751e8b465ee728b)
Start importing Assets/Samples/Terrain Tools/0.1.0-preview/Terrain Assets/TerrainTextures/screen_normal.tif using Guid(703d1f74c69fc95498dcfd0afe8e1d61) Importer(815301076,1909f56bfc062723c751e8b465ee728b)  -> (artifact id: '4f819ed83b2baf9a9d7fba31616a884f') in 0.020786 seconds
  Import took 0.026117 seconds .

========================================================================
Received Import Request.
  Time since last request: 0.000268 seconds.
  path: Assets/Samples/Terrain Tools/0.1.0-preview/Terrain Assets/TerrainTextures/sand_normal.tif
  artifactKey: Guid(dd1ad706663683546b665fd5b0286bbd) Importer(815301076,1909f56bfc062723c751e8b465ee728b)
Start importing Assets/Samples/Terrain Tools/0.1.0-preview/Terrain Assets/TerrainTextures/sand_normal.tif using Guid(dd1ad706663683546b665fd5b0286bbd) Importer(815301076,1909f56bfc062723c751e8b465ee728b)  -> (artifact id: '0629fa131c9a9c1216d06934adb34c90') in 0.018948 seconds
  Import took 0.024331 seconds .

========================================================================
Received Import Request.
  Time since last request: 0.000268 seconds.
  path: Assets/Samples/Terrain Tools/0.1.0-preview/Terrain Assets/TerrainTextures/snow_albedo.tif
  artifactKey: Guid(0cc0777f7d4a3444380eb084d74396b5) Importer(815301076,1909f56bfc062723c751e8b465ee728b)
Start importing Assets/Samples/Terrain Tools/0.1.0-preview/Terrain Assets/TerrainTextures/snow_albedo.tif using Guid(0cc0777f7d4a3444380eb084d74396b5) Importer(815301076,1909f56bfc062723c751e8b465ee728b)  -> (artifact id: '3571f5cf55d54e8588594f8c332cbe4b') in 0.017314 seconds
  Import took 0.022789 seconds .

========================================================================
Received Import Request.
  Time since last request: 0.042164 seconds.
  path: Assets/Samples/Terrain Tools/0.1.0-preview/Terrain Assets/BrushTextures/ridge06.tif
  artifactKey: Guid(deb3fcdbaaa2cf64f90d5a341ffd9939) Importer(815301076,1909f56bfc062723c751e8b465ee728b)
Start importing Assets/Samples/Terrain Tools/0.1.0-preview/Terrain Assets/BrushTextures/ridge06.tif using Guid(deb3fcdbaaa2cf64f90d5a341ffd9939) Importer(815301076,1909f56bfc062723c751e8b465ee728b)  -> (artifact id: '9f863e143baf35344b2e99a9ac4c0771') in 0.013945 seconds
  Import took 0.019547 seconds .

========================================================================
Received Import Request.
  Time since last request: 0.000280 seconds.
  path: Assets/Samples/Terrain Tools/0.1.0-preview/Terrain Assets/BrushTextures/ridge05.tif
  artifactKey: Guid(d5746b47e7c4501479a9aaa297c095e3) Importer(815301076,1909f56bfc062723c751e8b465ee728b)
Start importing Assets/Samples/Terrain Tools/0.1.0-preview/Terrain Assets/BrushTextures/ridge05.tif using Guid(d5746b47e7c4501479a9aaa297c095e3) Importer(815301076,1909f56bfc062723c751e8b465ee728b)  -> (artifact id: '982a9c9dfb84c53c1a017b9689da0c69') in 0.013448 seconds
  Import took 0.019022 seconds .

========================================================================
Received Import Request.
  Time since last request: 0.000218 seconds.
  path: Assets/Samples/Terrain Tools/0.1.0-preview/Terrain Assets/BrushTextures/ridge_edge01.tif
  artifactKey: Guid(b38901ae2e7149540aaa7fe2697aba3e) Importer(815301076,1909f56bfc062723c751e8b465ee728b)
Start importing Assets/Samples/Terrain Tools/0.1.0-preview/Terrain Assets/BrushTextures/ridge_edge01.tif using Guid(b38901ae2e7149540aaa7fe2697aba3e) Importer(815301076,1909f56bfc062723c751e8b465ee728b)  -> (artifact id: '75c6cddbfbdaec730ebb954430adece3') in 0.010231 seconds
  Import took 0.015513 seconds .

========================================================================
Received Import Request.
  Time since last request: 0.000228 seconds.
  path: Assets/Samples/Terrain Tools/0.1.0-preview/Terrain Assets/TerrainTextures/rock_mask.tif
  artifactKey: Guid(44f7e6aa71506b041ac0a60db8868a44) Importer(815301076,1909f56bfc062723c751e8b465ee728b)
Start importing Assets/Samples/Terrain Tools/0.1.0-preview/Terrain Assets/TerrainTextures/rock_mask.tif using Guid(44f7e6aa71506b041ac0a60db8868a44) Importer(815301076,1909f56bfc062723c751e8b465ee728b)  -> (artifact id: 'c4da11fbf89cadf1061f54472c7d198e') in 0.016838 seconds
  Import took 0.022164 seconds .

========================================================================
Received Import Request.
  Time since last request: 0.000191 seconds.
  path: Assets/Samples/Terrain Tools/0.1.0-preview/Terrain Assets/TerrainTextures/rock_albedo.tif
  artifactKey: Guid(f7dd726c93b8f17418ea3be3f6768909) Importer(815301076,1909f56bfc062723c751e8b465ee728b)
Start importing Assets/Samples/Terrain Tools/0.1.0-preview/Terrain Assets/TerrainTextures/rock_albedo.tif using Guid(f7dd726c93b8f17418ea3be3f6768909) Importer(815301076,1909f56bfc062723c751e8b465ee728b)  -> (artifact id: '86a23f8feae48ac892e2c33642e0d5d6') in 0.019134 seconds
  Import took 0.024344 seconds .

========================================================================
Received Import Request.
  Time since last request: 0.000261 seconds.
  path: Assets/Samples/Terrain Tools/0.1.0-preview/Terrain Assets/BrushTextures/ridge04.tif
  artifactKey: Guid(440810c88740a8045949d48b489e443b) Importer(815301076,1909f56bfc062723c751e8b465ee728b)
Start importing Assets/Samples/Terrain Tools/0.1.0-preview/Terrain Assets/BrushTextures/ridge04.tif using Guid(440810c88740a8045949d48b489e443b) Importer(815301076,1909f56bfc062723c751e8b465ee728b)  -> (artifact id: '095d435a2eec4383da327b05e8da5f4a') in 0.018500 seconds
  Import took 0.023554 seconds .

========================================================================
Received Import Request.
  Time since last request: 0.000280 seconds.
  path: Assets/Samples/Terrain Tools/0.1.0-preview/Terrain Assets/TerrainTextures/rock_normal.tif
  artifactKey: Guid(f45c3bd09301cc64783afc31dfca026b) Importer(815301076,1909f56bfc062723c751e8b465ee728b)
Start importing Assets/Samples/Terrain Tools/0.1.0-preview/Terrain Assets/TerrainTextures/rock_normal.tif using Guid(f45c3bd09301cc64783afc31dfca026b) Importer(815301076,1909f56bfc062723c751e8b465ee728b)  -> (artifact id: '44bc063911ad317495c6cae489e242eb') in 0.020976 seconds
  Import took 0.026870 seconds .

========================================================================
Received Import Request.
  Time since last request: 0.094361 seconds.
  path: Assets/Samples/Terrain Tools/0.1.0-preview/Terrain Assets/BrushTextures/ridge02.tif
  artifactKey: Guid(753f8aefff7f53945bb09d75656ba8de) Importer(815301076,1909f56bfc062723c751e8b465ee728b)
Start importing Assets/Samples/Terrain Tools/0.1.0-preview/Terrain Assets/BrushTextures/ridge02.tif using Guid(753f8aefff7f53945bb09d75656ba8de) Importer(815301076,1909f56bfc062723c751e8b465ee728b)  -> (artifact id: '768cfb4689b3aac19e3252fe94b23a69') in 0.024217 seconds
  Import took 0.030419 seconds .

========================================================================
Received Import Request.
  Time since last request: 0.000220 seconds.
  path: Assets/Samples/Terrain Tools/0.1.0-preview/Terrain Assets/BrushTextures/plateau01.tif
  artifactKey: Guid(626e11c44313fda43a6979c9a04cd12e) Importer(815301076,1909f56bfc062723c751e8b465ee728b)
Start importing Assets/Samples/Terrain Tools/0.1.0-preview/Terrain Assets/BrushTextures/plateau01.tif using Guid(626e11c44313fda43a6979c9a04cd12e) Importer(815301076,1909f56bfc062723c751e8b465ee728b)  -> (artifact id: 'c9eaaf9e4d405019d6b278b57cd50e4d') in 0.011234 seconds
  Import took 0.017365 seconds .

========================================================================
Received Import Request.
  Time since last request: 0.000167 seconds.
  path: Assets/Free_SpeedTrees/PalmFrond.tga
  artifactKey: Guid(ded5a4d59b5ef9c4bb5aa8a8d57b5fd2) Importer(815301076,1909f56bfc062723c751e8b465ee728b)
Start importing Assets/Free_SpeedTrees/PalmFrond.tga using Guid(ded5a4d59b5ef9c4bb5aa8a8d57b5fd2) Importer(815301076,1909f56bfc062723c751e8b465ee728b)  -> (artifact id: '91189ee70a9f3a08ac37f07d940b2a2c') in 0.017124 seconds
  Import took 0.022617 seconds .

========================================================================
Received Import Request.
  Time since last request: 0.000143 seconds.
  path: Assets/Free_SpeedTrees/PalmFrond_Normal.tga
  artifactKey: Guid(37d401ed5593db646a078ec27db9eb5e) Importer(815301076,1909f56bfc062723c751e8b465ee728b)
Start importing Assets/Free_SpeedTrees/PalmFrond_Normal.tga using Guid(37d401ed5593db646a078ec27db9eb5e) Importer(815301076,1909f56bfc062723c751e8b465ee728b)  -> (artifact id: '6284831664823002c6d1d2a931d132bd') in 0.015082 seconds
  Import took 0.020460 seconds .

========================================================================
Received Import Request.
  Time since last request: 0.000235 seconds.
  path: Assets/Free_SpeedTrees/PalmBark_Detail.tga
  artifactKey: Guid(8b7a06b5540df73499b1ca9e9a99f815) Importer(815301076,1909f56bfc062723c751e8b465ee728b)
Start importing Assets/Free_SpeedTrees/PalmBark_Detail.tga using Guid(8b7a06b5540df73499b1ca9e9a99f815) Importer(815301076,1909f56bfc062723c751e8b465ee728b)  -> (artifact id: '36b7f7e4bdcd99ad5cb666b6f00f9a99') in 0.017603 seconds
  Import took 0.023488 seconds .

========================================================================
Received Import Request.
  Time since last request: 0.000235 seconds.
  path: Assets/Free_SpeedTrees/PalmBark.tga
  artifactKey: Guid(73cac1ea7f4e8d644a257032a71360a5) Importer(815301076,1909f56bfc062723c751e8b465ee728b)
Start importing Assets/Free_SpeedTrees/PalmBark.tga using Guid(73cac1ea7f4e8d644a257032a71360a5) Importer(815301076,1909f56bfc062723c751e8b465ee728b)  -> (artifact id: '40043218723b419d05707a47b5b6f05c') in 0.014597 seconds
  Import took 0.020564 seconds .

========================================================================
Received Import Request.
  Time since last request: 0.000251 seconds.
  path: Assets/Free_SpeedTrees/PalmBark_Detail_Normal.tga
  artifactKey: Guid(0a2326416847b0144b84a9af7474a69f) Importer(815301076,1909f56bfc062723c751e8b465ee728b)
Start importing Assets/Free_SpeedTrees/PalmBark_Detail_Normal.tga using Guid(0a2326416847b0144b84a9af7474a69f) Importer(815301076,1909f56bfc062723c751e8b465ee728b)  -> (artifact id: 'ae3da66a566c9cea8619783120164182') in 0.016020 seconds
  Import took 0.021744 seconds .

========================================================================
Received Import Request.
  Time since last request: 0.000191 seconds.
  path: Assets/Samples/Terrain Tools/0.1.0-preview/Terrain Assets/BrushTextures/ridge03.tif
  artifactKey: Guid(b1dadb884e92879469e470aba88f0096) Importer(815301076,1909f56bfc062723c751e8b465ee728b)
Start importing Assets/Samples/Terrain Tools/0.1.0-preview/Terrain Assets/BrushTextures/ridge03.tif using Guid(b1dadb884e92879469e470aba88f0096) Importer(815301076,1909f56bfc062723c751e8b465ee728b)  -> (artifact id: 'c2762dec10c0f400da29e6a4b1a2e331') in 0.015006 seconds
  Import took 0.020405 seconds .

========================================================================
Received Import Request.
  Time since last request: 0.000265 seconds.
  path: Assets/Samples/Terrain Tools/0.1.0-preview/Terrain Assets/BrushTextures/plateau03.tif
  artifactKey: Guid(116d48bc82e4c0a4683cbd79927b4596) Importer(815301076,1909f56bfc062723c751e8b465ee728b)
Start importing Assets/Samples/Terrain Tools/0.1.0-preview/Terrain Assets/BrushTextures/plateau03.tif using Guid(116d48bc82e4c0a4683cbd79927b4596) Importer(815301076,1909f56bfc062723c751e8b465ee728b)  -> (artifact id: '8bc323d44745213cc2cfde0623401c90') in 0.010646 seconds
  Import took 0.015661 seconds .

========================================================================
Received Import Request.
  Time since last request: 0.000197 seconds.
  path: Assets/Free_SpeedTrees/PalmBark_Normal.tga
  artifactKey: Guid(848a6ba0b902217489e437776cba0a85) Importer(815301076,1909f56bfc062723c751e8b465ee728b)
Start importing Assets/Free_SpeedTrees/PalmBark_Normal.tga using Guid(848a6ba0b902217489e437776cba0a85) Importer(815301076,1909f56bfc062723c751e8b465ee728b)  -> (artifact id: 'a4ec75177039fb8324d8e558a7524934') in 0.015705 seconds
  Import took 0.020700 seconds .

========================================================================
Received Import Request.
  Time since last request: 0.000246 seconds.
  path: Assets/Free_SpeedTrees/Palm_Desktop_Atlas_Specular.tga
  artifactKey: Guid(74e4b8a9d329a9d4da4f2280b142d8c2) Importer(815301076,1909f56bfc062723c751e8b465ee728b)
Start importing Assets/Free_SpeedTrees/Palm_Desktop_Atlas_Specular.tga using Guid(74e4b8a9d329a9d4da4f2280b142d8c2) Importer(815301076,1909f56bfc062723c751e8b465ee728b)  -> (artifact id: '189094be435e1db9aa1cbe86612a4105') in 0.018661 seconds
  Import took 0.023704 seconds .

========================================================================
Received Import Request.
  Time since last request: 0.000284 seconds.
  path: Assets/Free_SpeedTrees/PalmFrond_Spec.tga
  artifactKey: Guid(ff5ae99d6014df84a89412c1f0ec079e) Importer(815301076,1909f56bfc062723c751e8b465ee728b)
Start importing Assets/Free_SpeedTrees/PalmFrond_Spec.tga using Guid(ff5ae99d6014df84a89412c1f0ec079e) Importer(815301076,1909f56bfc062723c751e8b465ee728b)  -> (artifact id: '8e6cf9637af0d1a5eb28e2c9912a8fbe') in 0.017992 seconds
  Import took 0.023304 seconds .

========================================================================
Received Import Request.
  Time since last request: 0.000200 seconds.
  path: Assets/Samples/Terrain Tools/0.1.0-preview/Terrain Assets/BrushTextures/plateau02.tif
  artifactKey: Guid(7fce2600db05ae54ea39d9e5681232cc) Importer(815301076,1909f56bfc062723c751e8b465ee728b)
Start importing Assets/Samples/Terrain Tools/0.1.0-preview/Terrain Assets/BrushTextures/plateau02.tif using Guid(7fce2600db05ae54ea39d9e5681232cc) Importer(815301076,1909f56bfc062723c751e8b465ee728b)  -> (artifact id: '20df5ad4c7455d9108bc42e9f79229e4') in 0.010662 seconds
  Import took 0.016089 seconds .

========================================================================
Received Import Request.
  Time since last request: 0.000208 seconds.
  path: Assets/Samples/Terrain Tools/0.1.0-preview/Terrain Assets/BrushTextures/ridge01.tif
  artifactKey: Guid(2093015066086b94e9636a0e1f1344ea) Importer(815301076,1909f56bfc062723c751e8b465ee728b)
Start importing Assets/Samples/Terrain Tools/0.1.0-preview/Terrain Assets/BrushTextures/ridge01.tif using Guid(2093015066086b94e9636a0e1f1344ea) Importer(815301076,1909f56bfc062723c751e8b465ee728b)  -> (artifact id: '15a5a5cad4f2125e5f496ce93a049f73') in 0.013910 seconds
  Import took 0.019491 seconds .

========================================================================
Received Import Request.
  Time since last request: 0.032547 seconds.
  path: Assets/Samples/Terrain Tools/0.1.0-preview/Terrain Assets/BrushTextures/mountain07.tif
  artifactKey: Guid(ce420f179549a9c4f9a08a26260e8d18) Importer(815301076,1909f56bfc062723c751e8b465ee728b)
Start importing Assets/Samples/Terrain Tools/0.1.0-preview/Terrain Assets/BrushTextures/mountain07.tif using Guid(ce420f179549a9c4f9a08a26260e8d18) Importer(815301076,1909f56bfc062723c751e8b465ee728b)  -> (artifact id: 'd5379b31ac6ffafba9d6f3d5a00c5128') in 0.013978 seconds
  Import took 0.019331 seconds .

========================================================================
Received Import Request.
  Time since last request: 0.000238 seconds.
  path: Assets/Samples/Terrain Tools/0.1.0-preview/Terrain Assets/BrushTextures/mountain08.tif
  artifactKey: Guid(d5428cdc2df49fc4a9aa5bbbcfcfe0e0) Importer(815301076,1909f56bfc062723c751e8b465ee728b)
Start importing Assets/Samples/Terrain Tools/0.1.0-preview/Terrain Assets/BrushTextures/mountain08.tif using Guid(d5428cdc2df49fc4a9aa5bbbcfcfe0e0) Importer(815301076,1909f56bfc062723c751e8b465ee728b)  -> (artifact id: '6938b4edefd0c6850f712a6dbef27ab7') in 0.014572 seconds
  Import took 0.020011 seconds .

========================================================================
Received Import Request.
  Time since last request: 0.000228 seconds.
  path: Assets/Free_SpeedTrees/Palm_Desktop_Atlas_Billboards.tga
  artifactKey: Guid(084d7ceca59c0ac47928eb2300496432) Importer(815301076,1909f56bfc062723c751e8b465ee728b)
Start importing Assets/Free_SpeedTrees/Palm_Desktop_Atlas_Billboards.tga using Guid(084d7ceca59c0ac47928eb2300496432) Importer(815301076,1909f56bfc062723c751e8b465ee728b)  -> (artifact id: '7c65516f32c8276a07b597f3bdac736e') in 0.018464 seconds
  Import took 0.024051 seconds .

========================================================================
Received Import Request.
  Time since last request: 0.000283 seconds.
  path: Assets/Free_SpeedTrees/Palm_Desktop_Atlas.tga
  artifactKey: Guid(b15094df28b3a074fb23b0d7e6a30823) Importer(815301076,1909f56bfc062723c751e8b465ee728b)
Start importing Assets/Free_SpeedTrees/Palm_Desktop_Atlas.tga using Guid(b15094df28b3a074fb23b0d7e6a30823) Importer(815301076,1909f56bfc062723c751e8b465ee728b)  -> (artifact id: '1189302c044b46a79bfaa972d6372b97') in 0.016271 seconds
  Import took 0.022073 seconds .

========================================================================
Received Import Request.
  Time since last request: 0.000356 seconds.
  path: Assets/Free_SpeedTrees/Palm_Desktop_Atlas_Normal.tga
  artifactKey: Guid(accfd802ffccef54295c2df37645a2f2) Importer(815301076,1909f56bfc062723c751e8b465ee728b)
Start importing Assets/Free_SpeedTrees/Palm_Desktop_Atlas_Normal.tga using Guid(accfd802ffccef54295c2df37645a2f2) Importer(815301076,1909f56bfc062723c751e8b465ee728b)  -> (artifact id: '6bafab17f36b6bfc01416f49f13ec6b1') in 0.019376 seconds
  Import took 0.024529 seconds .

========================================================================
Received Import Request.
  Time since last request: 0.000243 seconds.
  path: Assets/Free_SpeedTrees/Palm_Desktop_Atlas_Billboards_Normal.tga
  artifactKey: Guid(b98975c2c06423345b8a31d592d0dd30) Importer(815301076,1909f56bfc062723c751e8b465ee728b)
Start importing Assets/Free_SpeedTrees/Palm_Desktop_Atlas_Billboards_Normal.tga using Guid(b98975c2c06423345b8a31d592d0dd30) Importer(815301076,1909f56bfc062723c751e8b465ee728b)  -> (artifact id: 'be0e53ceafa314c376b713858f56138b') in 0.016118 seconds
  Import took 0.021893 seconds .

========================================================================
Received Import Request.
  Time since last request: 0.000208 seconds.
  path: Assets/Samples/Terrain Tools/0.1.0-preview/Terrain Assets/BrushTextures/mountain06.tif
  artifactKey: Guid(b44a453c2397af74cb81885989043518) Importer(815301076,1909f56bfc062723c751e8b465ee728b)
Start importing Assets/Samples/Terrain Tools/0.1.0-preview/Terrain Assets/BrushTextures/mountain06.tif using Guid(b44a453c2397af74cb81885989043518) Importer(815301076,1909f56bfc062723c751e8b465ee728b)  -> (artifact id: '51bbb1108471c3669d308049b7b1fb39') in 0.011433 seconds
  Import took 0.016603 seconds .

========================================================================
Received Import Request.
  Time since last request: 1.110901 seconds.
  path: Assets/GrassFlowers/Textures/GrassFlowers/grassFlower05.tga
  artifactKey: Guid(e3b33de953074bc4a88d9487f19c1202) Importer(815301076,1909f56bfc062723c751e8b465ee728b)
Start importing Assets/GrassFlowers/Textures/GrassFlowers/grassFlower05.tga using Guid(e3b33de953074bc4a88d9487f19c1202) Importer(815301076,1909f56bfc062723c751e8b465ee728b)  -> (artifact id: '0d1a770ddcd645df8ff9c7b56fcdc4a0') in 0.025553 seconds
  Import took 0.032590 seconds .

========================================================================
Received Import Request.
  Time since last request: 0.000174 seconds.
  path: Assets/Samples/Terrain Tools/0.1.0-preview/Terrain Assets/BrushTextures/flat_mountain01.tif
  artifactKey: Guid(d2a704d1b2d8ad948aab36a028a684b5) Importer(815301076,1909f56bfc062723c751e8b465ee728b)
Start importing Assets/Samples/Terrain Tools/0.1.0-preview/Terrain Assets/BrushTextures/flat_mountain01.tif using Guid(d2a704d1b2d8ad948aab36a028a684b5) Importer(815301076,1909f56bfc062723c751e8b465ee728b)  -> (artifact id: '4156a73157676e3eb8a8b60161795d1a') in 0.018012 seconds
  Import took 0.024014 seconds .

========================================================================
Received Import Request.
  Time since last request: 0.000262 seconds.
  path: Assets/GrassFlowers/Textures/GrassFlowers/grassFlower07.tga
  artifactKey: Guid(5afd653e4d79b7a4c9523dd543c0bead) Importer(815301076,1909f56bfc062723c751e8b465ee728b)
Start importing Assets/GrassFlowers/Textures/GrassFlowers/grassFlower07.tga using Guid(5afd653e4d79b7a4c9523dd543c0bead) Importer(815301076,1909f56bfc062723c751e8b465ee728b)  -> (artifact id: '5ea3d224019631b7ef5ede62b5b58d98') in 0.016175 seconds
  Import took 0.021455 seconds .

========================================================================
Received Import Request.
  Time since last request: 0.000292 seconds.
  path: Assets/Free_SpeedTrees/ConiferBark_Normal.tga
  artifactKey: Guid(f37a87d1d87d5994493dcd34c80cd320) Importer(815301076,1909f56bfc062723c751e8b465ee728b)
Start importing Assets/Free_SpeedTrees/ConiferBark_Normal.tga using Guid(f37a87d1d87d5994493dcd34c80cd320) Importer(815301076,1909f56bfc062723c751e8b465ee728b)  -> (artifact id: '1b83db1d3a62bfbf031e7e7f10fb225c') in 0.015228 seconds
  Import took 0.021225 seconds .

========================================================================
Received Import Request.
  Time since last request: 0.000275 seconds.
  path: Assets/GrassFlowers/Textures/GrassFlowers/grassFlower08.tga
  artifactKey: Guid(8900a35e436818940b97df26c3a8a1aa) Importer(815301076,1909f56bfc062723c751e8b465ee728b)
Start importing Assets/GrassFlowers/Textures/GrassFlowers/grassFlower08.tga using Guid(8900a35e436818940b97df26c3a8a1aa) Importer(815301076,1909f56bfc062723c751e8b465ee728b)  -> (artifact id: 'adb80da61f404241ba406cb4de2bda65') in 0.022339 seconds
  Import took 0.027852 seconds .

========================================================================
Received Import Request.
  Time since last request: 0.000246 seconds.
  path: Assets/Free_SpeedTrees/Conifer_Needles_Desktop.tga
  artifactKey: Guid(7e67582339870f24596151c8ec9d2bd9) Importer(815301076,1909f56bfc062723c751e8b465ee728b)
Start importing Assets/Free_SpeedTrees/Conifer_Needles_Desktop.tga using Guid(7e67582339870f24596151c8ec9d2bd9) Importer(815301076,1909f56bfc062723c751e8b465ee728b)  -> (artifact id: 'f2858888b68711cff3e7f3974696b821') in 0.022135 seconds
  Import took 0.028047 seconds .

========================================================================
Received Import Request.
  Time since last request: 0.000244 seconds.
  path: Assets/Free_SpeedTrees/Conifer_Needles_Desktop_Normal.tga
  artifactKey: Guid(3aa94b05cef7fed4eaa649ae8e6eb783) Importer(815301076,1909f56bfc062723c751e8b465ee728b)
Start importing Assets/Free_SpeedTrees/Conifer_Needles_Desktop_Normal.tga using Guid(3aa94b05cef7fed4eaa649ae8e6eb783) Importer(815301076,1909f56bfc062723c751e8b465ee728b)  -> (artifact id: 'fb36fc14bfeae24c82dcfad6fb9aa50b') in 0.021205 seconds
  Import took 0.026531 seconds .

========================================================================
Received Import Request.
  Time since last request: 0.000264 seconds.
  path: Assets/GrassFlowers/Textures/GrassFlowers/grassFlower06.tga
  artifactKey: Guid(b3d0250e4b7a1ac4abe98a38d34d2048) Importer(815301076,1909f56bfc062723c751e8b465ee728b)
Start importing Assets/GrassFlowers/Textures/GrassFlowers/grassFlower06.tga using Guid(b3d0250e4b7a1ac4abe98a38d34d2048) Importer(815301076,1909f56bfc062723c751e8b465ee728b)  -> (artifact id: '95553ecc152505635007b084c046da51') in 0.023893 seconds
  Import took 0.029554 seconds .

========================================================================
Received Import Request.
  Time since last request: 0.000240 seconds.
  path: Assets/Free_SpeedTrees/ConiferBark.tga
  artifactKey: Guid(29902be09adfaa44d879f4d96eea5d5e) Importer(815301076,1909f56bfc062723c751e8b465ee728b)
Start importing Assets/Free_SpeedTrees/ConiferBark.tga using Guid(29902be09adfaa44d879f4d96eea5d5e) Importer(815301076,1909f56bfc062723c751e8b465ee728b)  -> (artifact id: 'cc586819f1b5988b8c59eb0896e0789d') in 0.017419 seconds
  Import took 0.022338 seconds .

========================================================================
Received Import Request.
  Time since last request: 0.000211 seconds.
  path: Assets/Samples/Terrain Tools/0.1.0-preview/Terrain Assets/BrushTextures/cracked_earth01.tif
  artifactKey: Guid(fc6089e3bffbdc9489980dbed57a64f6) Importer(815301076,1909f56bfc062723c751e8b465ee728b)
Start importing Assets/Samples/Terrain Tools/0.1.0-preview/Terrain Assets/BrushTextures/cracked_earth01.tif using Guid(fc6089e3bffbdc9489980dbed57a64f6) Importer(815301076,1909f56bfc062723c751e8b465ee728b)  -> (artifact id: 'e186297516058de64d831ac67ca70cd4') in 0.009940 seconds
  Import took 0.015329 seconds .

========================================================================
Received Import Request.
  Time since last request: 0.000277 seconds.
  path: Assets/Samples/Terrain Tools/0.1.0-preview/Terrain Assets/TerrainTextures/dirt_mask.tif
  artifactKey: Guid(3c6d7b80bcc59ae448166eacd4ad79b0) Importer(815301076,1909f56bfc062723c751e8b465ee728b)
Start importing Assets/Samples/Terrain Tools/0.1.0-preview/Terrain Assets/TerrainTextures/dirt_mask.tif using Guid(3c6d7b80bcc59ae448166eacd4ad79b0) Importer(815301076,1909f56bfc062723c751e8b465ee728b)  -> (artifact id: 'e7f800f88e99004a479ce3cf4637fde4') in 0.020082 seconds
  Import took 0.025233 seconds .

========================================================================
Received Import Request.
  Time since last request: 0.000200 seconds.
  path: Assets/Samples/Terrain Tools/0.1.0-preview/Terrain Assets/BrushTextures/errosion02.tif
  artifactKey: Guid(8d909223d66b7cd4d9719d37ee403dff) Importer(815301076,1909f56bfc062723c751e8b465ee728b)
Start importing Assets/Samples/Terrain Tools/0.1.0-preview/Terrain Assets/BrushTextures/errosion02.tif using Guid(8d909223d66b7cd4d9719d37ee403dff) Importer(815301076,1909f56bfc062723c751e8b465ee728b)  -> (artifact id: '786182f8ac9e948dfbad6aa980d087eb') in 0.019268 seconds
  Import took 0.024612 seconds .

========================================================================
Received Import Request.
  Time since last request: 0.000282 seconds.
  path: Assets/Samples/Terrain Tools/0.1.0-preview/Terrain Assets/TerrainTextures/dirt_normal.tif
  artifactKey: Guid(1ff4687a05ada474ca7eaf3010a871f6) Importer(815301076,1909f56bfc062723c751e8b465ee728b)
Start importing Assets/Samples/Terrain Tools/0.1.0-preview/Terrain Assets/TerrainTextures/dirt_normal.tif using Guid(1ff4687a05ada474ca7eaf3010a871f6) Importer(815301076,1909f56bfc062723c751e8b465ee728b)  -> (artifact id: '833e6fbb14e2cf4f4b85cfd092dfc049') in 0.021384 seconds
  Import took 0.026888 seconds .

========================================================================
Received Import Request.
  Time since last request: 0.000285 seconds.
  path: Assets/Samples/Terrain Tools/0.1.0-preview/Terrain Assets/BrushTextures/errosion01.tif
  artifactKey: Guid(228af47692a8c7c49b93049646ac6c46) Importer(815301076,1909f56bfc062723c751e8b465ee728b)
Start importing Assets/Samples/Terrain Tools/0.1.0-preview/Terrain Assets/BrushTextures/errosion01.tif using Guid(228af47692a8c7c49b93049646ac6c46) Importer(815301076,1909f56bfc062723c751e8b465ee728b)  -> (artifact id: 'f167f401b756887498332ef442105ddf') in 0.020076 seconds
  Import took 0.025491 seconds .

========================================================================
Received Import Request.
  Time since last request: 0.000201 seconds.
  path: Assets/Samples/Terrain Tools/0.1.0-preview/Terrain Assets/TerrainTextures/dirt_albedo.tif
  artifactKey: Guid(7f3df385222f5b1428f6a156037deb5e) Importer(815301076,1909f56bfc062723c751e8b465ee728b)
Start importing Assets/Samples/Terrain Tools/0.1.0-preview/Terrain Assets/TerrainTextures/dirt_albedo.tif using Guid(7f3df385222f5b1428f6a156037deb5e) Importer(815301076,1909f56bfc062723c751e8b465ee728b)  -> (artifact id: 'd8f9debadf581953e22108d57733719a') in 0.020143 seconds
  Import took 0.025421 seconds .

========================================================================
Received Import Request.
  Time since last request: 0.000218 seconds.
  path: Assets/Samples/Terrain Tools/0.1.0-preview/Terrain Assets/BrushTextures/cracked_earth02.tif
  artifactKey: Guid(ce389a44803b703498159190bc7d48af) Importer(815301076,1909f56bfc062723c751e8b465ee728b)
Start importing Assets/Samples/Terrain Tools/0.1.0-preview/Terrain Assets/BrushTextures/cracked_earth02.tif using Guid(ce389a44803b703498159190bc7d48af) Importer(815301076,1909f56bfc062723c751e8b465ee728b)  -> (artifact id: '494b8fb6f238f5e72b72e038ddf846c8') in 0.010939 seconds
  Import took 0.016815 seconds .

========================================================================
Received Import Request.
  Time since last request: 9.736505 seconds.
  path: Assets/Materials/Matte Black.mat
  artifactKey: Guid(6cf9b42a091960e4d90587c5f4e2437d) Importer(815301076,1909f56bfc062723c751e8b465ee728b)
Start importing Assets/Materials/Matte Black.mat using Guid(6cf9b42a091960e4d90587c5f4e2437d) Importer(815301076,1909f56bfc062723c751e8b465ee728b)  -> (artifact id: '99a103c47adab9fe1361887436005bab') in 0.028821 seconds
  Import took 0.034919 seconds .

========================================================================
Received Import Request.
  Time since last request: 0.000209 seconds.
  path: Assets/Materials/StoneBrick.mat
  artifactKey: Guid(9a72601bb1768314b88190fe443cb73a) Importer(815301076,1909f56bfc062723c751e8b465ee728b)
Start importing Assets/Materials/StoneBrick.mat using Guid(9a72601bb1768314b88190fe443cb73a) Importer(815301076,1909f56bfc062723c751e8b465ee728b)  -> (artifact id: 'f320bb3d2ac288d5e5b06a19c29466c3') in 0.016626 seconds
  Import took 0.021438 seconds .

AssetImportWorkerClient::OnTransportError - code=2 error=End of file
